Using pre-set license
Built from '2020.3/staging' branch; Version is '2020.3.17f1 (a4537701e4ab) revision 10769271'; Using compiler version '192528614'; Build Type 'Release'
OS: 'Windows 10 Pro; OS build 19043.1237; Version 2009; 64bit' Language: 'en' Physical Memory: 16320 MB
BatchMode: 1, IsHumanControllingUs: 0, StartBugReporterOnCrash: 0, Is64bit: 1, IsPro: 0

COMMAND LINE ARGUMENTS:
C:\Program Files\Unity\Hub\Editor\2020.3.17f1\Editor\Unity.exe
-adb2
-batchMode
-noUpm
-name
AssetImportWorker0
-projectPath
C:/Users/Zared/Desktop/Dig3480/Tutorial 1.5/Tutorial1.5 part 1
-logFile
Logs/AssetImportWorker0.log
-srvPort
51172
Successfully changed project path to: C:/Users/Zared/Desktop/Dig3480/Tutorial 1.5/Tutorial1.5 part 1
C:/Users/Zared/Desktop/Dig3480/Tutorial 1.5/Tutorial1.5 part 1
Using Asset Import Pipeline V2.
Refreshing native plugins compatible for Editor in 26.16 ms, found 2 plugins.
Preloading 0 native plugins for Editor in 0.00 ms.
Initialize engine version: 2020.3.17f1 (a4537701e4ab)
[Subsystems] Discovering subsystems at path C:/Program Files/Unity/Hub/Editor/2020.3.17f1/Editor/Data/Resources/UnitySubsystems
[Subsystems] Discovering subsystems at path C:/Users/Zared/Desktop/Dig3480/Tutorial 1.5/Tutorial1.5 part 1/Assets
GfxDevice: creating device client; threaded=0
Direct3D:
    Version:  Direct3D 11.0 [level 11.1]
    Renderer: NVIDIA GeForce GTX 1080 (ID=0x1b80)
    Vendor:   
    VRAM:     8079 MB
    Driver:   30.0.14.7212
Initialize mono
Mono path[0] = 'C:/Program Files/Unity/Hub/Editor/2020.3.17f1/Editor/Data/Managed'
Mono path[1] = 'C:/Program Files/Unity/Hub/Editor/2020.3.17f1/Editor/Data/MonoBleedingEdge/lib/mono/unityjit'
Mono config path = 'C:/Program Files/Unity/Hub/Editor/2020.3.17f1/Editor/Data/MonoBleedingEdge/etc'
Using monoOptions --debugger-agent=transport=dt_socket,embedding=1,server=y,suspend=n,address=127.0.0.1:56680
Begin MonoManager ReloadAssembly
Registering precompiled unity dll's ...
Register platform support module: C:/Program Files/Unity/Hub/Editor/2020.3.17f1/Editor/Data/PlaybackEngines/WebGLSupport/UnityEditor.WebGL.Extensions.dll
Register platform support module: C:/Program Files/Unity/Hub/Editor/2020.3.17f1/Editor/Data/PlaybackEngines/WindowsStandaloneSupport/UnityEditor.WindowsStandalone.Extensions.dll
Registered in 0.002625 seconds.
Native extension for WindowsStandalone target not found
Native extension for WebGL target not found
Refreshing native plugins compatible for Editor in 27.37 ms, found 2 plugins.
Preloading 0 native plugins for Editor in 0.00 ms.
Mono: successfully reloaded assembly
- Completed reload, in  1.011 seconds
Domain Reload Profiling:
	ReloadAssembly (1012ms)
		BeginReloadAssembly (50ms)
			ExecutionOrderSort (0ms)
			DisableScriptedObjects (0ms)
			BackupInstance (0ms)
			ReleaseScriptingObjects (0ms)
			CreateAndSetChildDomain (1ms)
		EndReloadAssembly (358ms)
			LoadAssemblies (48ms)
			RebuildTransferFunctionScriptingTraits (0ms)
			SetupTypeCache (129ms)
			ReleaseScriptCaches (0ms)
			RebuildScriptCaches (39ms)
			SetupLoadedEditorAssemblies (134ms)
				LogAssemblyErrors (0ms)
				InitializePlatformSupportModulesInManaged (4ms)
				SetLoadedEditorAssemblies (0ms)
				RefreshPlugins (27ms)
				BeforeProcessingInitializeOnLoad (8ms)
				ProcessInitializeOnLoadAttributes (70ms)
				ProcessInitializeOnLoadMethodAttributes (24ms)
				AfterProcessingInitializeOnLoad (0ms)
				EditorAssembliesLoaded (0ms)
			ExecutionOrderSort2 (0ms)
			AwakeInstancesAfterBackupRestoration (0ms)
Platform modules already initialized, skipping
Registering precompiled user dll's ...
Registered in 0.004267 seconds.
Begin MonoManager ReloadAssembly
Native extension for WindowsStandalone target not found
Native extension for WebGL target not found
Refreshing native plugins compatible for Editor in 0.26 ms, found 2 plugins.
Preloading 0 native plugins for Editor in 0.00 ms.
Mono: successfully reloaded assembly
- Completed reload, in  0.880 seconds
Domain Reload Profiling:
	ReloadAssembly (880ms)
		BeginReloadAssembly (125ms)
			ExecutionOrderSort (0ms)
			DisableScriptedObjects (4ms)
			BackupInstance (0ms)
			ReleaseScriptingObjects (0ms)
			CreateAndSetChildDomain (15ms)
		EndReloadAssembly (703ms)
			LoadAssemblies (75ms)
			RebuildTransferFunctionScriptingTraits (0ms)
			SetupTypeCache (219ms)
			ReleaseScriptCaches (0ms)
			RebuildScriptCaches (33ms)
			SetupLoadedEditorAssemblies (304ms)
				LogAssemblyErrors (0ms)
				InitializePlatformSupportModulesInManaged (5ms)
				SetLoadedEditorAssemblies (0ms)
				RefreshPlugins (0ms)
				BeforeProcessingInitializeOnLoad (48ms)
				ProcessInitializeOnLoadAttributes (241ms)
				ProcessInitializeOnLoadMethodAttributes (3ms)
				AfterProcessingInitializeOnLoad (7ms)
				EditorAssembliesLoaded (0ms)
			ExecutionOrderSort2 (0ms)
			AwakeInstancesAfterBackupRestoration (5ms)
Platform modules already initialized, skipping
========================================================================
Worker process is ready to serve import requests
Launched and connected shader compiler UnityShaderCompiler.exe after 0.04 seconds
Refreshing native plugins compatible for Editor in 0.32 ms, found 2 plugins.
Preloading 0 native plugins for Editor in 0.00 ms.
Unloading 1398 Unused Serialized files (Serialized files now loaded: 0)
System memory in use before: 64.9 MB.
System memory in use after: 64.9 MB.

Unloading 18 unused Assets to reduce memory usage. Loaded Objects now: 1830.
Total: 2.345800 ms (FindLiveObjects: 0.126600 ms CreateObjectMapping: 0.030600 ms MarkObjects: 2.140200 ms  DeleteObjects: 0.047600 ms)

AssetImportParameters requested are different than current active one (requested -> active):
  custom:framework-win-MediaFoundation: 216162199b28c13a410421893ffa2e32 -> 
  custom:video-decoder-ogg-theora: a1e56fd34408186e4bbccfd4996cb3dc -> 
  custom:container-muxer-webm: aa71ff27fc2769a1b78a27578f13a17b -> 
  custom:container-demuxer-webm: 4f35f7cbe854078d1ac9338744f61a02 -> 
  custom:container-demuxer-ogg: 62fdf1f143b41e24485cea50d1cbac27 -> 
  custom:video-encoder-webm-vp8: eb34c28f22e8b96e1ab97ce403110664 -> 
  custom:video-codec-MediaFoundation-h265: e54d7ab0439102e2317fc1e4b246158d -> 
  custom:video-decoder-webm-vp8: 9c59270c3fd7afecdb556c50c9e8de78 -> 
  custom:audio-decoder-ogg-vorbis: bf7c407c2cedff20999df2af8eb42d56 -> 
  custom:audio-encoder-webm-vorbis: bf7c407c2cedff20999df2af8eb42d56 -> 
========================================================================
Received Import Request.
  path: Assets/Sprites/Jump (1).png
  artifactKey: Guid(376750e754ecaa04aafe0d7f8dd80261) Importer(815301076,1909f56bfc062723c751e8b465ee728b)
Start importing Assets/Sprites/Jump (1).png using Guid(376750e754ecaa04aafe0d7f8dd80261) Importer(815301076,1909f56bfc062723c751e8b465ee728b)  -> (artifact id: '54c9f96c6f795584e037d9ca5590fc7d') in 0.110983 seconds 
  Import took 0.112807 seconds .

========================================================================
Received Import Request.
  Time since last request: 0.000264 seconds.
  path: Assets/Sprites/Run (7).png
  artifactKey: Guid(3fa77cfa793c7ad479f202446fb60aad) Importer(815301076,1909f56bfc062723c751e8b465ee728b)
Start importing Assets/Sprites/Run (7).png using Guid(3fa77cfa793c7ad479f202446fb60aad) Importer(815301076,1909f56bfc062723c751e8b465ee728b)  -> (artifact id: 'a159f7e3dc3f46b720a85582f628eb94') in 0.008038 seconds 
  Import took 0.009793 seconds .

========================================================================
Received Import Request.
  Time since last request: 0.000266 seconds.
  path: Assets/Sprites/Idle (10).png
  artifactKey: Guid(23e2ac7b7ba8dec449067a02a52f7351) Importer(815301076,1909f56bfc062723c751e8b465ee728b)
Start importing Assets/Sprites/Idle (10).png using Guid(23e2ac7b7ba8dec449067a02a52f7351) Importer(815301076,1909f56bfc062723c751e8b465ee728b)  -> (artifact id: '009e65d330158b90a22cf69f2702924e') in 0.007852 seconds 
  Import took 0.009671 seconds .

========================================================================
Received Import Request.
  Time since last request: 0.000253 seconds.
  path: Assets/Sprites/Walk (5).png
  artifactKey: Guid(ae52a82da63cb40418b38aa860e21b74) Importer(815301076,1909f56bfc062723c751e8b465ee728b)
Start importing Assets/Sprites/Walk (5).png using Guid(ae52a82da63cb40418b38aa860e21b74) Importer(815301076,1909f56bfc062723c751e8b465ee728b)  -> (artifact id: '0db93987eedf7ab0eb260eb646a75e75') in 0.007263 seconds 
  Import took 0.009066 seconds .

========================================================================
Received Import Request.
  Time since last request: 0.000219 seconds.
  path: Assets/Sprites/Dead (6).png
  artifactKey: Guid(09cf9025f3c995244a9b2c5bbdf58381) Importer(815301076,1909f56bfc062723c751e8b465ee728b)
Start importing Assets/Sprites/Dead (6).png using Guid(09cf9025f3c995244a9b2c5bbdf58381) Importer(815301076,1909f56bfc062723c751e8b465ee728b)  -> (artifact id: 'a7be427b5c805e660de833a79832e8e4') in 0.009979 seconds 
  Import took 0.011832 seconds .

========================================================================
Received Import Request.
  Time since last request: 0.000282 seconds.
  path: Assets/Sprites/Jump (4).png
  artifactKey: Guid(7fc13cbc379ffe34f891583d9fd98142) Importer(815301076,1909f56bfc062723c751e8b465ee728b)
Start importing Assets/Sprites/Jump (4).png using Guid(7fc13cbc379ffe34f891583d9fd98142) Importer(815301076,1909f56bfc062723c751e8b465ee728b)  -> (artifact id: '3d899580c20774972c55efade91c0ab0') in 0.007183 seconds 
  Import took 0.009086 seconds .

========================================================================
Received Import Request.
  Time since last request: 0.000201 seconds.
  path: Assets/Sprites/Walk (8).png
  artifactKey: Guid(8717ce72530354f42a8de36e78c0cb47) Importer(815301076,1909f56bfc062723c751e8b465ee728b)
Start importing Assets/Sprites/Walk (8).png using Guid(8717ce72530354f42a8de36e78c0cb47) Importer(815301076,1909f56bfc062723c751e8b465ee728b)  -> (artifact id: '8e61010a7cae3114406f5ce0ac1909a0') in 0.007560 seconds 
  Import took 0.009356 seconds .

========================================================================
Received Import Request.
  Time since last request: 0.000185 seconds.
  path: Assets/Sprites/Hurt (1).png
  artifactKey: Guid(f214573e862139b42b55d270ef7eb8ca) Importer(815301076,1909f56bfc062723c751e8b465ee728b)
Start importing Assets/Sprites/Hurt (1).png using Guid(f214573e862139b42b55d270ef7eb8ca) Importer(815301076,1909f56bfc062723c751e8b465ee728b)  -> (artifact id: 'f2bfaa0c8d6fd675423bda7072af5a3c') in 0.007370 seconds 
  Import took 0.009173 seconds .

========================================================================
Received Import Request.
  Time since last request: 0.000284 seconds.
  path: Assets/Sprites/Run (2).png
  artifactKey: Guid(8fd6869bf5dcd534eb384cb8ad01de1d) Importer(815301076,1909f56bfc062723c751e8b465ee728b)
Start importing Assets/Sprites/Run (2).png using Guid(8fd6869bf5dcd534eb384cb8ad01de1d) Importer(815301076,1909f56bfc062723c751e8b465ee728b)  -> (artifact id: '4a2e2f5e4d328beea14055f59f062cdc') in 0.007176 seconds 
  Import took 0.009047 seconds .

========================================================================
Received Import Request.
  Time since last request: 0.000241 seconds.
  path: Assets/Sprites/Hurt (6).png
  artifactKey: Guid(d4794ecadc2e3be459c701fd3e886b33) Importer(815301076,1909f56bfc062723c751e8b465ee728b)
Start importing Assets/Sprites/Hurt (6).png using Guid(d4794ecadc2e3be459c701fd3e886b33) Importer(815301076,1909f56bfc062723c751e8b465ee728b)  -> (artifact id: 'b63295248e80306396fb72600fcb96b3') in 0.007890 seconds 
  Import took 0.009780 seconds .

========================================================================
Received Import Request.
  Time since last request: 0.000214 seconds.
  path: Assets/Sprites/Idle (8).png
  artifactKey: Guid(eccc2d17f8403d4429290cefc65983a1) Importer(815301076,1909f56bfc062723c751e8b465ee728b)
Start importing Assets/Sprites/Idle (8).png using Guid(eccc2d17f8403d4429290cefc65983a1) Importer(815301076,1909f56bfc062723c751e8b465ee728b)  -> (artifact id: 'f4c4be6a2adfb0eadc972e89f4c19e3d') in 0.007315 seconds 
  Import took 0.009123 seconds .

========================================================================
Received Import Request.
  Time since last request: 0.000274 seconds.
  path: Assets/Sprites/Hurt (10).png
  artifactKey: Guid(2bf4ef564ce91634e97c2d84ba00de84) Importer(815301076,1909f56bfc062723c751e8b465ee728b)
Start importing Assets/Sprites/Hurt (10).png using Guid(2bf4ef564ce91634e97c2d84ba00de84) Importer(815301076,1909f56bfc062723c751e8b465ee728b)  -> (artifact id: '21c863893c4cb55b11527a874c4d99c6') in 0.007413 seconds 
  Import took 0.009250 seconds .

========================================================================
Received Import Request.
  Time since last request: 0.000190 seconds.
  path: Assets/Sprites/Idle (7).png
  artifactKey: Guid(15a726ecbfbf3d04498d6d53aad2487a) Importer(815301076,1909f56bfc062723c751e8b465ee728b)
Start importing Assets/Sprites/Idle (7).png using Guid(15a726ecbfbf3d04498d6d53aad2487a) Importer(815301076,1909f56bfc062723c751e8b465ee728b)  -> (artifact id: '2d9acbc3e1d7afd3e2bb5ebe319853b8') in 0.007579 seconds 
  Import took 0.009433 seconds .

========================================================================
Received Import Request.
  Time since last request: 0.000277 seconds.
  path: Assets/Sprites/Hurt (2).png
  artifactKey: Guid(4422ef0964811d347adf6ced1cd9d623) Importer(815301076,1909f56bfc062723c751e8b465ee728b)
Start importing Assets/Sprites/Hurt (2).png using Guid(4422ef0964811d347adf6ced1cd9d623) Importer(815301076,1909f56bfc062723c751e8b465ee728b)  -> (artifact id: '7344ded0872974a539df439e2be71635') in 0.007252 seconds 
  Import took 0.009042 seconds .

========================================================================
Received Import Request.
  Time since last request: 0.000199 seconds.
  path: Assets/Sprites/Idle (1).png
  artifactKey: Guid(585c4ec11e293564f80037cf723f50e7) Importer(815301076,1909f56bfc062723c751e8b465ee728b)
Start importing Assets/Sprites/Idle (1).png using Guid(585c4ec11e293564f80037cf723f50e7) Importer(815301076,1909f56bfc062723c751e8b465ee728b)  -> (artifact id: '9f614156cfa5c15a5aaa8ffd7cdc3437') in 0.008254 seconds 
  Import took 0.010097 seconds .

========================================================================
Received Import Request.
  Time since last request: 0.000201 seconds.
  path: Assets/Sprites/Slide (8).png
  artifactKey: Guid(49f6ec3611b59c544af1a88e29cc9eeb) Importer(815301076,1909f56bfc062723c751e8b465ee728b)
Start importing Assets/Sprites/Slide (8).png using Guid(49f6ec3611b59c544af1a88e29cc9eeb) Importer(815301076,1909f56bfc062723c751e8b465ee728b)  -> (artifact id: '987f59b3dfe7e77811fbbfe4632010ec') in 0.007967 seconds 
  Import took 0.009852 seconds .

========================================================================
Received Import Request.
  Time since last request: 0.000270 seconds.
  path: Assets/Sprites/Jump (6).png
  artifactKey: Guid(340223787a16a0e40a71edacb74b8e77) Importer(815301076,1909f56bfc062723c751e8b465ee728b)
Start importing Assets/Sprites/Jump (6).png using Guid(340223787a16a0e40a71edacb74b8e77) Importer(815301076,1909f56bfc062723c751e8b465ee728b)  -> (artifact id: '37a4d55e9637063a7ef17d222ae4a5a2') in 0.007291 seconds 
  Import took 0.009180 seconds .

========================================================================
Received Import Request.
  Time since last request: 0.000202 seconds.
  path: Assets/Sprites/Run (4).png
  artifactKey: Guid(b9da690b971306d4899d5b94be6e02d8) Importer(815301076,1909f56bfc062723c751e8b465ee728b)
Start importing Assets/Sprites/Run (4).png using Guid(b9da690b971306d4899d5b94be6e02d8) Importer(815301076,1909f56bfc062723c751e8b465ee728b)  -> (artifact id: '8020ee2744b9f490fcd9383ef1e7c6f5') in 0.007587 seconds 
  Import took 0.009364 seconds .

========================================================================
Received Import Request.
  Time since last request: 0.000235 seconds.
  path: Assets/Sprites/Hurt (4).png
  artifactKey: Guid(44650bbc7bacb1943960099c62c318b2) Importer(815301076,1909f56bfc062723c751e8b465ee728b)
Start importing Assets/Sprites/Hurt (4).png using Guid(44650bbc7bacb1943960099c62c318b2) Importer(815301076,1909f56bfc062723c751e8b465ee728b)  -> (artifact id: 'ccfb63736ba6bf244963445c0f42177d') in 0.007508 seconds 
  Import took 0.009343 seconds .

========================================================================
Received Import Request.
  Time since last request: 0.000235 seconds.
  path: Assets/Sprites/Hurt (3).png
  artifactKey: Guid(67db40f6882e2604199f6db6a3fd8d32) Importer(815301076,1909f56bfc062723c751e8b465ee728b)
Start importing Assets/Sprites/Hurt (3).png using Guid(67db40f6882e2604199f6db6a3fd8d32) Importer(815301076,1909f56bfc062723c751e8b465ee728b)  -> (artifact id: '3580325851473d167b2bebbe00826c9f') in 0.007670 seconds 
  Import took 0.009573 seconds .

========================================================================
Received Import Request.
  Time since last request: 0.000201 seconds.
  path: Assets/Sprites/Slide (3).png
  artifactKey: Guid(512973691c422a64bb7867fa60930efd) Importer(815301076,1909f56bfc062723c751e8b465ee728b)
Start importing Assets/Sprites/Slide (3).png using Guid(512973691c422a64bb7867fa60930efd) Importer(815301076,1909f56bfc062723c751e8b465ee728b)  -> (artifact id: '7a492268eabe190b6090e52477660fe8') in 0.007288 seconds 
  Import took 0.009112 seconds .

========================================================================
Received Import Request.
  Time since last request: 0.000264 seconds.
  path: Assets/Sprites/Dead (8).png
  artifactKey: Guid(e682bf8bf969208408ba63faa66bb34f) Importer(815301076,1909f56bfc062723c751e8b465ee728b)
Start importing Assets/Sprites/Dead (8).png using Guid(e682bf8bf969208408ba63faa66bb34f) Importer(815301076,1909f56bfc062723c751e8b465ee728b)  -> (artifact id: 'cdd3b5e78014a00f34fedefb221ee924') in 0.007226 seconds 
  Import took 0.009073 seconds .

========================================================================
Received Import Request.
  Time since last request: 0.000202 seconds.
  path: Assets/Sprites/Run (8).png
  artifactKey: Guid(db9165fc8b9ce9c4c9d8294571d5b5aa) Importer(815301076,1909f56bfc062723c751e8b465ee728b)
Start importing Assets/Sprites/Run (8).png using Guid(db9165fc8b9ce9c4c9d8294571d5b5aa) Importer(815301076,1909f56bfc062723c751e8b465ee728b)  -> (artifact id: '9adc2a11cfb78b8408899871a8192cb8') in 0.007669 seconds 
  Import took 0.009460 seconds .

========================================================================
Received Import Request.
  Time since last request: 0.000236 seconds.
  path: Assets/Sprites/Slide (2).png
  artifactKey: Guid(5e568b75429c5504381cd7d1c9030eb2) Importer(815301076,1909f56bfc062723c751e8b465ee728b)
Start importing Assets/Sprites/Slide (2).png using Guid(5e568b75429c5504381cd7d1c9030eb2) Importer(815301076,1909f56bfc062723c751e8b465ee728b)  -> (artifact id: 'db2d387141fe90ce48737002f917247e') in 0.012337 seconds 
  Import took 0.014143 seconds .

========================================================================
Received Import Request.
  Time since last request: 0.000214 seconds.
  path: Assets/Sprites/Dead (2).png
  artifactKey: Guid(b8136bc15f15ea24ebecb16fce42399c) Importer(815301076,1909f56bfc062723c751e8b465ee728b)
Start importing Assets/Sprites/Dead (2).png using Guid(b8136bc15f15ea24ebecb16fce42399c) Importer(815301076,1909f56bfc062723c751e8b465ee728b)  -> (artifact id: 'fdb3b0952df8b275f77053d5d52d0702') in 0.007432 seconds 
  Import took 0.009240 seconds .

========================================================================
Received Import Request.
  Time since last request: 0.000253 seconds.
  path: Assets/Sprites/Jump (7).png
  artifactKey: Guid(1080d5da67563aa4595d270f8e5e4e40) Importer(815301076,1909f56bfc062723c751e8b465ee728b)
Start importing Assets/Sprites/Jump (7).png using Guid(1080d5da67563aa4595d270f8e5e4e40) Importer(815301076,1909f56bfc062723c751e8b465ee728b)  -> (artifact id: 'da6358b5a0394ccb1adeadf22030b944') in 0.007895 seconds 
  Import took 0.009837 seconds .

========================================================================
Received Import Request.
  Time since last request: 0.000228 seconds.
  path: Assets/Sprites/Slide (7).png
  artifactKey: Guid(55fdce01a3ae4e8458e48d3ecd5833af) Importer(815301076,1909f56bfc062723c751e8b465ee728b)
Start importing Assets/Sprites/Slide (7).png using Guid(55fdce01a3ae4e8458e48d3ecd5833af) Importer(815301076,1909f56bfc062723c751e8b465ee728b)  -> (artifact id: '3e7065c7036cc985a632a660dd946bc5') in 0.008078 seconds 
  Import took 0.009950 seconds .

========================================================================
Received Import Request.
  Time since last request: 0.000250 seconds.
  path: Assets/Sprites/Jump (5).png
  artifactKey: Guid(ef43b3adfe2c9e84ba6cb15defc6fbe0) Importer(815301076,1909f56bfc062723c751e8b465ee728b)
Start importing Assets/Sprites/Jump (5).png using Guid(ef43b3adfe2c9e84ba6cb15defc6fbe0) Importer(815301076,1909f56bfc062723c751e8b465ee728b)  -> (artifact id: 'be12ca6e006bebec01c96827daff2973') in 0.007751 seconds 
  Import took 0.009660 seconds .

========================================================================
Received Import Request.
  Time since last request: 0.000241 seconds.
  path: Assets/Sprites/Idle (2).png
  artifactKey: Guid(eeea19043279ecf4784c4b7419400fea) Importer(815301076,1909f56bfc062723c751e8b465ee728b)
Start importing Assets/Sprites/Idle (2).png using Guid(eeea19043279ecf4784c4b7419400fea) Importer(815301076,1909f56bfc062723c751e8b465ee728b)  -> (artifact id: '10f2bca161b1685d1ca2cf6f021e92e3') in 0.007447 seconds 
  Import took 0.009494 seconds .

========================================================================
Received Import Request.
  Time since last request: 0.000290 seconds.
  path: Assets/Sprites/Idle (3).png
  artifactKey: Guid(667a9b265e2e30c4d9063d35ad991d18) Importer(815301076,1909f56bfc062723c751e8b465ee728b)
Start importing Assets/Sprites/Idle (3).png using Guid(667a9b265e2e30c4d9063d35ad991d18) Importer(815301076,1909f56bfc062723c751e8b465ee728b)  -> (artifact id: 'a6368105c4e38a76e726bbb5ebd9de90') in 0.007614 seconds 
  Import took 0.009523 seconds .

========================================================================
Received Import Request.
  Time since last request: 0.000320 seconds.
  path: Assets/Sprites/Idle (4).png
  artifactKey: Guid(4f3d0df7faee2354588e9adce7a176e6) Importer(815301076,1909f56bfc062723c751e8b465ee728b)
Start importing Assets/Sprites/Idle (4).png using Guid(4f3d0df7faee2354588e9adce7a176e6) Importer(815301076,1909f56bfc062723c751e8b465ee728b)  -> (artifact id: 'a91be33365f1609dd91bf4e7aae36a18') in 0.007483 seconds 
  Import took 0.009297 seconds .

========================================================================
Received Import Request.
  Time since last request: 0.000316 seconds.
  path: Assets/Sprites/Run (3).png
  artifactKey: Guid(3f879694faff63947bfba703ce45f71b) Importer(815301076,1909f56bfc062723c751e8b465ee728b)
Start importing Assets/Sprites/Run (3).png using Guid(3f879694faff63947bfba703ce45f71b) Importer(815301076,1909f56bfc062723c751e8b465ee728b)  -> (artifact id: 'b6002a4d20a6b3eea1e4922f057dc097') in 0.007392 seconds 
  Import took 0.009282 seconds .

========================================================================
Received Import Request.
  Time since last request: 0.000232 seconds.
  path: Assets/Sprites/Slide (5).png
  artifactKey: Guid(63a55a8004d27254088329b6a8b44e92) Importer(815301076,1909f56bfc062723c751e8b465ee728b)
Start importing Assets/Sprites/Slide (5).png using Guid(63a55a8004d27254088329b6a8b44e92) Importer(815301076,1909f56bfc062723c751e8b465ee728b)  -> (artifact id: 'f2f85da89c8903e80bfdf56415762b77') in 0.008586 seconds 
  Import took 0.010476 seconds .

========================================================================
Received Import Request.
  Time since last request: 0.000226 seconds.
  path: Assets/Sprites/Dead (5).png
  artifactKey: Guid(e62caadf4fe5b2f4c88705f4545c8119) Importer(815301076,1909f56bfc062723c751e8b465ee728b)
Start importing Assets/Sprites/Dead (5).png using Guid(e62caadf4fe5b2f4c88705f4545c8119) Importer(815301076,1909f56bfc062723c751e8b465ee728b)  -> (artifact id: 'b565448192f1721edf79fbde4c52cc87') in 0.007337 seconds 
  Import took 0.009250 seconds .

========================================================================
Received Import Request.
  Time since last request: 0.000237 seconds.
  path: Assets/Sprites/Hurt (7).png
  artifactKey: Guid(4b8eea3d81de1714f9c6ef675025558a) Importer(815301076,1909f56bfc062723c751e8b465ee728b)
Start importing Assets/Sprites/Hurt (7).png using Guid(4b8eea3d81de1714f9c6ef675025558a) Importer(815301076,1909f56bfc062723c751e8b465ee728b)  -> (artifact id: 'a21c9bf374e1af5e9ad5b680dca21f59') in 0.007395 seconds 
  Import took 0.009259 seconds .

========================================================================
Received Import Request.
  Time since last request: 0.000226 seconds.
  path: Assets/Sprites/Jump (3).png
  artifactKey: Guid(c3044debd3ec87540a8ca24bc747ffd0) Importer(815301076,1909f56bfc062723c751e8b465ee728b)
Start importing Assets/Sprites/Jump (3).png using Guid(c3044debd3ec87540a8ca24bc747ffd0) Importer(815301076,1909f56bfc062723c751e8b465ee728b)  -> (artifact id: 'b5e8df2de9a96bbf39ce5889e614a64d') in 0.008075 seconds 
  Import took 0.010005 seconds .

========================================================================
Received Import Request.
  Time since last request: 0.000202 seconds.
  path: Assets/Sprites/Dead (1).png
  artifactKey: Guid(3a05b7a6abfda9542b59a1faaabdc0e3) Importer(815301076,1909f56bfc062723c751e8b465ee728b)
Start importing Assets/Sprites/Dead (1).png using Guid(3a05b7a6abfda9542b59a1faaabdc0e3) Importer(815301076,1909f56bfc062723c751e8b465ee728b)  -> (artifact id: '90b872e0d72274505e79418f24c6e0a3') in 0.007620 seconds 
  Import took 0.009573 seconds .

========================================================================
Received Import Request.
  Time since last request: 0.000270 seconds.
  path: Assets/Sprites/Dead (10).png
  artifactKey: Guid(bcd0c52ed0a360942a50e586dd9178df) Importer(815301076,1909f56bfc062723c751e8b465ee728b)
Start importing Assets/Sprites/Dead (10).png using Guid(bcd0c52ed0a360942a50e586dd9178df) Importer(815301076,1909f56bfc062723c751e8b465ee728b)  -> (artifact id: '1da1ee5d5e0174819d77ab56e9f94c11') in 0.007631 seconds 
  Import took 0.009564 seconds .

========================================================================
Received Import Request.
  Time since last request: 0.000233 seconds.
  path: Assets/Sprites/Walk (3).png
  artifactKey: Guid(22cdb242cd36cee449cb66e8e69dfeab) Importer(815301076,1909f56bfc062723c751e8b465ee728b)
Start importing Assets/Sprites/Walk (3).png using Guid(22cdb242cd36cee449cb66e8e69dfeab) Importer(815301076,1909f56bfc062723c751e8b465ee728b)  -> (artifact id: '9183619efea188c15601f692db4d582f') in 0.007677 seconds 
  Import took 0.009518 seconds .

========================================================================
Received Import Request.
  Time since last request: 0.000216 seconds.
  path: Assets/Sprites/Walk (9).png
  artifactKey: Guid(a27c78a79f48e2e46a7f2e3e5c5779b6) Importer(815301076,1909f56bfc062723c751e8b465ee728b)
Start importing Assets/Sprites/Walk (9).png using Guid(a27c78a79f48e2e46a7f2e3e5c5779b6) Importer(815301076,1909f56bfc062723c751e8b465ee728b)  -> (artifact id: '7792cb76586717052cbe1ec458c34ac7') in 0.007490 seconds 
  Import took 0.009364 seconds .

========================================================================
Received Import Request.
  Time since last request: 0.000268 seconds.
  path: Assets/Sprites/Dead (9).png
  artifactKey: Guid(1126007de775fbd4c9be5afe5e5556e0) Importer(815301076,1909f56bfc062723c751e8b465ee728b)
Start importing Assets/Sprites/Dead (9).png using Guid(1126007de775fbd4c9be5afe5e5556e0) Importer(815301076,1909f56bfc062723c751e8b465ee728b)  -> (artifact id: 'daed4b3039e950041e6e1c05c3c0907c') in 0.007195 seconds 
  Import took 0.009062 seconds .

========================================================================
Received Import Request.
  Time since last request: 0.000208 seconds.
  path: Assets/Sprites/Jump (8).png
  artifactKey: Guid(fcbdf6fe5160bfe418d00ae72bed616f) Importer(815301076,1909f56bfc062723c751e8b465ee728b)
Start importing Assets/Sprites/Jump (8).png using Guid(fcbdf6fe5160bfe418d00ae72bed616f) Importer(815301076,1909f56bfc062723c751e8b465ee728b)  -> (artifact id: '505e2f7900f8248bee8d07ba7ec4c373') in 0.007497 seconds 
  Import took 0.009323 seconds .

========================================================================
Received Import Request.
  Time since last request: 0.000194 seconds.
  path: Assets/Sprites/Fall (5).png
  artifactKey: Guid(8754185c3d03bc647a61ef0becbe4d37) Importer(815301076,1909f56bfc062723c751e8b465ee728b)
Start importing Assets/Sprites/Fall (5).png using Guid(8754185c3d03bc647a61ef0becbe4d37) Importer(815301076,1909f56bfc062723c751e8b465ee728b)  -> (artifact id: 'f769ae7db451b748b4f5a4c609802f75') in 0.008919 seconds 
  Import took 0.010785 seconds .

========================================================================
Received Import Request.
  Time since last request: 0.000297 seconds.
  path: Assets/Sprites/Idle (5).png
  artifactKey: Guid(785e61aba5d8fa642b7d095f86c5cb2a) Importer(815301076,1909f56bfc062723c751e8b465ee728b)
Start importing Assets/Sprites/Idle (5).png using Guid(785e61aba5d8fa642b7d095f86c5cb2a) Importer(815301076,1909f56bfc062723c751e8b465ee728b)  -> (artifact id: '94f2fa67649b83da712c5db5935767e9') in 0.007609 seconds 
  Import took 0.009478 seconds .

========================================================================
Received Import Request.
  Time since last request: 0.000254 seconds.
  path: Assets/Sprites/Walk (7).png
  artifactKey: Guid(2bccf93af6992af4dbefe883b1b60383) Importer(815301076,1909f56bfc062723c751e8b465ee728b)
Start importing Assets/Sprites/Walk (7).png using Guid(2bccf93af6992af4dbefe883b1b60383) Importer(815301076,1909f56bfc062723c751e8b465ee728b)  -> (artifact id: '27f5fe52d5d9dd0188c942f6b0bbf1c0') in 0.007384 seconds 
  Import took 0.009253 seconds .

========================================================================
Received Import Request.
  Time since last request: 0.000269 seconds.
  path: Assets/Sprites/Jump (2).png
  artifactKey: Guid(6d6e51cce8e3a6d43b398e01fe1bbb15) Importer(815301076,1909f56bfc062723c751e8b465ee728b)
Start importing Assets/Sprites/Jump (2).png using Guid(6d6e51cce8e3a6d43b398e01fe1bbb15) Importer(815301076,1909f56bfc062723c751e8b465ee728b)  -> (artifact id: '70ba0300ce242254b681ecbf545a2c67') in 0.007491 seconds 
  Import took 0.009536 seconds .

========================================================================
Received Import Request.
  Time since last request: 0.000290 seconds.
  path: Assets/Sprites/Run (5).png
  artifactKey: Guid(3b0f445f316006e4da329584dc6660da) Importer(815301076,1909f56bfc062723c751e8b465ee728b)
Start importing Assets/Sprites/Run (5).png using Guid(3b0f445f316006e4da329584dc6660da) Importer(815301076,1909f56bfc062723c751e8b465ee728b)  -> (artifact id: 'e0a1292c15ed0fb76c8a32d051dc9bc0') in 0.007433 seconds 
  Import took 0.009297 seconds .

========================================================================
Received Import Request.
  Time since last request: 0.000249 seconds.
  path: Assets/Sprites/Dead (4).png
  artifactKey: Guid(19bf617d951e4ca478a8ae9f9e724f30) Importer(815301076,1909f56bfc062723c751e8b465ee728b)
Start importing Assets/Sprites/Dead (4).png using Guid(19bf617d951e4ca478a8ae9f9e724f30) Importer(815301076,1909f56bfc062723c751e8b465ee728b)  -> (artifact id: 'b371c7764fbdc67be09c72e9f728fc1f') in 0.007702 seconds 
  Import took 0.009519 seconds .

========================================================================
Received Import Request.
  Time since last request: 0.000247 seconds.
  path: Assets/Sprites/Fall (1).png
  artifactKey: Guid(79293ff32108db24e9b5133366bd55dc) Importer(815301076,1909f56bfc062723c751e8b465ee728b)
Start importing Assets/Sprites/Fall (1).png using Guid(79293ff32108db24e9b5133366bd55dc) Importer(815301076,1909f56bfc062723c751e8b465ee728b)  -> (artifact id: 'ca4d989997dfdcc48d1a8f70aaac31ab') in 0.007304 seconds 
  Import took 0.009122 seconds .

========================================================================
Received Import Request.
  Time since last request: 0.000288 seconds.
  path: Assets/Sprites/Fall (4).png
  artifactKey: Guid(89987387993ccb84890e6261e6143685) Importer(815301076,1909f56bfc062723c751e8b465ee728b)
Start importing Assets/Sprites/Fall (4).png using Guid(89987387993ccb84890e6261e6143685) Importer(815301076,1909f56bfc062723c751e8b465ee728b)  -> (artifact id: '365428b0cb12311d26f44ef72959a09d') in 0.007331 seconds 
  Import took 0.009104 seconds .

========================================================================
Received Import Request.
  Time since last request: 0.000225 seconds.
  path: Assets/Sprites/Run (6).png
  artifactKey: Guid(c992712f5dac3734c82319e18dc13c60) Importer(815301076,1909f56bfc062723c751e8b465ee728b)
Start importing Assets/Sprites/Run (6).png using Guid(c992712f5dac3734c82319e18dc13c60) Importer(815301076,1909f56bfc062723c751e8b465ee728b)  -> (artifact id: '7be3e1a4090e22aa8854243f371db4aa') in 0.007497 seconds 
  Import took 0.009474 seconds .

========================================================================
Received Import Request.
  Time since last request: 0.000262 seconds.
  path: Assets/Sprites/Fall (8).png
  artifactKey: Guid(3986796e39c7c234f8b1ae41c9ece136) Importer(815301076,1909f56bfc062723c751e8b465ee728b)
Start importing Assets/Sprites/Fall (8).png using Guid(3986796e39c7c234f8b1ae41c9ece136) Importer(815301076,1909f56bfc062723c751e8b465ee728b)  -> (artifact id: '2bc55bb3bdaab8511a19e46981f1c6f1') in 0.007866 seconds 
  Import took 0.009718 seconds .

========================================================================
Received Import Request.
  Time since last request: 0.000250 seconds.
  path: Assets/Sprites/Walk (2).png
  artifactKey: Guid(410b4a497792536459f3cc057c276d9f) Importer(815301076,1909f56bfc062723c751e8b465ee728b)
Start importing Assets/Sprites/Walk (2).png using Guid(410b4a497792536459f3cc057c276d9f) Importer(815301076,1909f56bfc062723c751e8b465ee728b)  -> (artifact id: '77a7ce602dd29763ee85e37c71764fc5') in 0.007460 seconds 
  Import took 0.009232 seconds .

========================================================================
Received Import Request.
  Time since last request: 0.000249 seconds.
  path: Assets/Sprites/Hurt (8).png
  artifactKey: Guid(6b42374aa1da6434d9266c60144b1018) Importer(815301076,1909f56bfc062723c751e8b465ee728b)
Start importing Assets/Sprites/Hurt (8).png using Guid(6b42374aa1da6434d9266c60144b1018) Importer(815301076,1909f56bfc062723c751e8b465ee728b)  -> (artifact id: 'a154d5ab0c11d5fa4112b0e3d531fa40') in 0.007482 seconds 
  Import took 0.009336 seconds .

========================================================================
Received Import Request.
  Time since last request: 0.000235 seconds.
  path: Assets/Sprites/Idle (9).png
  artifactKey: Guid(6fea40644818e1f49b644ff8f24a3522) Importer(815301076,1909f56bfc062723c751e8b465ee728b)
Start importing Assets/Sprites/Idle (9).png using Guid(6fea40644818e1f49b644ff8f24a3522) Importer(815301076,1909f56bfc062723c751e8b465ee728b)  -> (artifact id: '6264c5c2949e34ee79978620b23fc7c5') in 0.008231 seconds 
  Import took 0.010356 seconds .

========================================================================
Received Import Request.
  Time since last request: 0.000263 seconds.
  path: Assets/Sprites/Walk (10).png
  artifactKey: Guid(955e2e7ae57c6a545bc9bae65e2af7ee) Importer(815301076,1909f56bfc062723c751e8b465ee728b)
Start importing Assets/Sprites/Walk (10).png using Guid(955e2e7ae57c6a545bc9bae65e2af7ee) Importer(815301076,1909f56bfc062723c751e8b465ee728b)  -> (artifact id: 'c41f6df95261e09c051b29cefa6932a3') in 0.007797 seconds 
  Import took 0.009655 seconds .

========================================================================
Received Import Request.
  Time since last request: 0.000225 seconds.
  path: Assets/Sprites/Slide (1).png
  artifactKey: Guid(452ea7e5569d6d94d942903637add224) Importer(815301076,1909f56bfc062723c751e8b465ee728b)
Start importing Assets/Sprites/Slide (1).png using Guid(452ea7e5569d6d94d942903637add224) Importer(815301076,1909f56bfc062723c751e8b465ee728b)  -> (artifact id: '593747b36689399e73e8805bf96ab05c') in 0.007738 seconds 
  Import took 0.009696 seconds .

========================================================================
Received Import Request.
  Time since last request: 0.000243 seconds.
  path: Assets/Sprites/Fall (2).png
  artifactKey: Guid(c09215e550634a64996e5cc5b84240eb) Importer(815301076,1909f56bfc062723c751e8b465ee728b)
Start importing Assets/Sprites/Fall (2).png using Guid(c09215e550634a64996e5cc5b84240eb) Importer(815301076,1909f56bfc062723c751e8b465ee728b)  -> (artifact id: '888833d8cfd9f7205b63fcc9c2a68359') in 0.007608 seconds 
  Import took 0.009461 seconds .

========================================================================
Received Import Request.
  Time since last request: 0.000250 seconds.
  path: Assets/Sprites/Idle (6).png
  artifactKey: Guid(1e2054604ede6ac44b880f59471de582) Importer(815301076,1909f56bfc062723c751e8b465ee728b)
Start importing Assets/Sprites/Idle (6).png using Guid(1e2054604ede6ac44b880f59471de582) Importer(815301076,1909f56bfc062723c751e8b465ee728b)  -> (artifact id: '2074ecc01fe7367470d66593afce2cc9') in 0.007588 seconds 
  Import took 0.009496 seconds .

========================================================================
Received Import Request.
  Time since last request: 0.000259 seconds.
  path: Assets/Sprites/Slide (10).png
  artifactKey: Guid(f406d860b1c8c4844a75a681e05a6526) Importer(815301076,1909f56bfc062723c751e8b465ee728b)
Start importing Assets/Sprites/Slide (10).png using Guid(f406d860b1c8c4844a75a681e05a6526) Importer(815301076,1909f56bfc062723c751e8b465ee728b)  -> (artifact id: '3564665fcad8f4094197d0343dce8dcc') in 0.007346 seconds 
  Import took 0.009168 seconds .

========================================================================
Received Import Request.
  Time since last request: 0.000252 seconds.
  path: Assets/Sprites/Walk (6).png
  artifactKey: Guid(df73c1aac69904f4ea9fce4324868942) Importer(815301076,1909f56bfc062723c751e8b465ee728b)
Start importing Assets/Sprites/Walk (6).png using Guid(df73c1aac69904f4ea9fce4324868942) Importer(815301076,1909f56bfc062723c751e8b465ee728b)  -> (artifact id: '5a9f0bb5aa08865e38f646ea6deffe0e') in 0.007565 seconds 
  Import took 0.009510 seconds .

========================================================================
Received Import Request.
  Time since last request: 0.000246 seconds.
  path: Assets/Sprites/Slide (9).png
  artifactKey: Guid(542c8fc62f7793444aa07c4338c8b684) Importer(815301076,1909f56bfc062723c751e8b465ee728b)
Start importing Assets/Sprites/Slide (9).png using Guid(542c8fc62f7793444aa07c4338c8b684) Importer(815301076,1909f56bfc062723c751e8b465ee728b)  -> (artifact id: 'b56f7c89057e2587ededbdc948aae18e') in 0.007540 seconds 
  Import took 0.009380 seconds .

========================================================================
Received Import Request.
  Time since last request: 0.000222 seconds.
  path: Assets/Sprites/Slide (4).png
  artifactKey: Guid(1e8e5c17cb8408747b3d52c56037b4a2) Importer(815301076,1909f56bfc062723c751e8b465ee728b)
Start importing Assets/Sprites/Slide (4).png using Guid(1e8e5c17cb8408747b3d52c56037b4a2) Importer(815301076,1909f56bfc062723c751e8b465ee728b)  -> (artifact id: 'c587b9650db763bf848673bf0907c733') in 0.007635 seconds 
  Import took 0.009470 seconds .

========================================================================
Received Import Request.
  Time since last request: 0.000255 seconds.
  path: Assets/Sprites/Fall (6).png
  artifactKey: Guid(81fbc1e8e10b8a74ead30c941b12b84c) Importer(815301076,1909f56bfc062723c751e8b465ee728b)
Start importing Assets/Sprites/Fall (6).png using Guid(81fbc1e8e10b8a74ead30c941b12b84c) Importer(815301076,1909f56bfc062723c751e8b465ee728b)  -> (artifact id: 'b2c43f1ee542afec78a742469c73f91b') in 0.007516 seconds 
  Import took 0.009416 seconds .

========================================================================
Received Import Request.
  Time since last request: 0.000279 seconds.
  path: Assets/Sprites/Fall (3).png
  artifactKey: Guid(f5c12a639bcf0cf43a7212550eab7247) Importer(815301076,1909f56bfc062723c751e8b465ee728b)
Start importing Assets/Sprites/Fall (3).png using Guid(f5c12a639bcf0cf43a7212550eab7247) Importer(815301076,1909f56bfc062723c751e8b465ee728b)  -> (artifact id: '7613ac29a1e92ecaf9cb133ee7f0139b') in 0.007486 seconds 
  Import took 0.009374 seconds .

========================================================================
Received Import Request.
  Time since last request: 0.000198 seconds.
  path: Assets/Sprites/Fall (7).png
  artifactKey: Guid(1d3fc393a830c0d42b034b356aa66a37) Importer(815301076,1909f56bfc062723c751e8b465ee728b)
Start importing Assets/Sprites/Fall (7).png using Guid(1d3fc393a830c0d42b034b356aa66a37) Importer(815301076,1909f56bfc062723c751e8b465ee728b)  -> (artifact id: 'a46372259d516886bb11e6460a855a5f') in 0.007858 seconds 
  Import took 0.009701 seconds .

========================================================================
Received Import Request.
  Time since last request: 0.000290 seconds.
  path: Assets/Sprites/Hurt (5).png
  artifactKey: Guid(3d3c70b5e238adc46bdb7d07427587be) Importer(815301076,1909f56bfc062723c751e8b465ee728b)
Start importing Assets/Sprites/Hurt (5).png using Guid(3d3c70b5e238adc46bdb7d07427587be) Importer(815301076,1909f56bfc062723c751e8b465ee728b)  -> (artifact id: 'e10ff916941a7fd188ae40bc0948d9cc') in 0.007543 seconds 
  Import took 0.009436 seconds .

========================================================================
Received Import Request.
  Time since last request: 0.000265 seconds.
  path: Assets/Sprites/Hurt (9).png
  artifactKey: Guid(36b67af0a1fc4b740968a2377a1afe20) Importer(815301076,1909f56bfc062723c751e8b465ee728b)
Start importing Assets/Sprites/Hurt (9).png using Guid(36b67af0a1fc4b740968a2377a1afe20) Importer(815301076,1909f56bfc062723c751e8b465ee728b)  -> (artifact id: '83c539bdb323e0d0a185923dadd53c04') in 0.007701 seconds 
  Import took 0.009624 seconds .

========================================================================
Received Import Request.
  Time since last request: 0.000225 seconds.
  path: Assets/Sprites/Walk (4).png
  artifactKey: Guid(0827c0c077543f545abde5908600bc55) Importer(815301076,1909f56bfc062723c751e8b465ee728b)
Start importing Assets/Sprites/Walk (4).png using Guid(0827c0c077543f545abde5908600bc55) Importer(815301076,1909f56bfc062723c751e8b465ee728b)  -> (artifact id: 'ab0334c6ebd6c2fbcdc4728a39cb561e') in 0.007592 seconds 
  Import took 0.009468 seconds .

========================================================================
Received Import Request.
  Time since last request: 0.000219 seconds.
  path: Assets/Sprites/Dead (7).png
  artifactKey: Guid(b4b3de5bc59a80d43b037e6b991e5505) Importer(815301076,1909f56bfc062723c751e8b465ee728b)
Start importing Assets/Sprites/Dead (7).png using Guid(b4b3de5bc59a80d43b037e6b991e5505) Importer(815301076,1909f56bfc062723c751e8b465ee728b)  -> (artifact id: 'ad208e27c9c240a8197fa38ff0172377') in 0.007949 seconds 
  Import took 0.009706 seconds .

========================================================================
Received Import Request.
  Time since last request: 0.000301 seconds.
  path: Assets/Sprites/Run (1).png
  artifactKey: Guid(13c8f2e942293ec458303455f954d811) Importer(815301076,1909f56bfc062723c751e8b465ee728b)
Start importing Assets/Sprites/Run (1).png using Guid(13c8f2e942293ec458303455f954d811) Importer(815301076,1909f56bfc062723c751e8b465ee728b)  -> (artifact id: '7a2592178d0a9f44ac64c7dcd53e45d8') in 0.007516 seconds 
  Import took 0.009633 seconds .

========================================================================
Received Import Request.
  Time since last request: 0.000260 seconds.
  path: Assets/Sprites/Dead (3).png
  artifactKey: Guid(cb53e157680ee4d459ee63423f5a99ad) Importer(815301076,1909f56bfc062723c751e8b465ee728b)
Start importing Assets/Sprites/Dead (3).png using Guid(cb53e157680ee4d459ee63423f5a99ad) Importer(815301076,1909f56bfc062723c751e8b465ee728b)  -> (artifact id: '5fa9ec54c42c23ad09c2d0eb74075a58') in 0.007505 seconds 
  Import took 0.009395 seconds .

========================================================================
Received Import Request.
  Time since last request: 0.000285 seconds.
  path: Assets/Sprites/Walk (1).png
  artifactKey: Guid(9910fae4e120a3a4587b6315fb412820) Importer(815301076,1909f56bfc062723c751e8b465ee728b)
Start importing Assets/Sprites/Walk (1).png using Guid(9910fae4e120a3a4587b6315fb412820) Importer(815301076,1909f56bfc062723c751e8b465ee728b)  -> (artifact id: '7cdc200517982e20e3c9972e59047288') in 0.007468 seconds 
  Import took 0.009320 seconds .

========================================================================
Received Import Request.
  Time since last request: 0.000300 seconds.
  path: Assets/Sprites/Slide (6).png
  artifactKey: Guid(74421c35204bd394c9893554891c6e95) Importer(815301076,1909f56bfc062723c751e8b465ee728b)
Start importing Assets/Sprites/Slide (6).png using Guid(74421c35204bd394c9893554891c6e95) Importer(815301076,1909f56bfc062723c751e8b465ee728b)  -> (artifact id: '7a2d54f768cd8ab9cfa3dae526ee20e4') in 0.008186 seconds 
  Import took 0.009987 seconds .

========================================================================
Received Prepare
Registering precompiled user dll's ...
Registered in 0.004177 seconds.
Begin MonoManager ReloadAssembly
Native extension for WindowsStandalone target not found
Native extension for WebGL target not found
Refreshing native plugins compatible for Editor in 0.27 ms, found 2 plugins.
Preloading 0 native plugins for Editor in 0.00 ms.
Mono: successfully reloaded assembly
- Completed reload, in  0.872 seconds
Domain Reload Profiling:
	ReloadAssembly (872ms)
		BeginReloadAssembly (94ms)
			ExecutionOrderSort (0ms)
			DisableScriptedObjects (4ms)
			BackupInstance (0ms)
			ReleaseScriptingObjects (0ms)
			CreateAndSetChildDomain (26ms)
		EndReloadAssembly (726ms)
			LoadAssemblies (75ms)
			RebuildTransferFunctionScriptingTraits (0ms)
			SetupTypeCache (215ms)
			ReleaseScriptCaches (1ms)
			RebuildScriptCaches (31ms)
			SetupLoadedEditorAssemblies (325ms)
				LogAssemblyErrors (0ms)
				InitializePlatformSupportModulesInManaged (5ms)
				SetLoadedEditorAssemblies (0ms)
				RefreshPlugins (0ms)
				BeforeProcessingInitializeOnLoad (43ms)
				ProcessInitializeOnLoadAttributes (266ms)
				ProcessInitializeOnLoadMethodAttributes (3ms)
				AfterProcessingInitializeOnLoad (7ms)
				EditorAssembliesLoaded (0ms)
			ExecutionOrderSort2 (0ms)
			AwakeInstancesAfterBackupRestoration (6ms)
Platform modules already initialized, skipping
Refreshing native plugins compatible for Editor in 0.29 ms, found 2 plugins.
Preloading 0 native plugins for Editor in 0.00 ms.
Unloading 1392 Unused Serialized files (Serialized files now loaded: 0)
System memory in use before: 67.9 MB.
System memory in use after: 68.0 MB.

Unloading 13 unused Assets to reduce memory usage. Loaded Objects now: 1840.
Total: 2.365900 ms (FindLiveObjects: 0.131700 ms CreateObjectMapping: 0.037500 ms MarkObjects: 2.179600 ms  DeleteObjects: 0.016300 ms)

AssetImportParameters requested are different than current active one (requested -> active):
  custom:framework-win-MediaFoundation: 216162199b28c13a410421893ffa2e32 -> 
  custom:video-decoder-ogg-theora: a1e56fd34408186e4bbccfd4996cb3dc -> 
  custom:container-muxer-webm: aa71ff27fc2769a1b78a27578f13a17b -> 
  custom:container-demuxer-webm: 4f35f7cbe854078d1ac9338744f61a02 -> 
  custom:container-demuxer-ogg: 62fdf1f143b41e24485cea50d1cbac27 -> 
  custom:video-encoder-webm-vp8: eb34c28f22e8b96e1ab97ce403110664 -> 
  custom:video-codec-MediaFoundation-h265: e54d7ab0439102e2317fc1e4b246158d -> 
  custom:video-decoder-webm-vp8: 9c59270c3fd7afecdb556c50c9e8de78 -> 
  custom:audio-decoder-ogg-vorbis: bf7c407c2cedff20999df2af8eb42d56 -> 
  custom:audio-encoder-webm-vorbis: bf7c407c2cedff20999df2af8eb42d56 -> 
========================================================================
Received Prepare
Registering precompiled user dll's ...
Registered in 0.004081 seconds.
Begin MonoManager ReloadAssembly
Native extension for WindowsStandalone target not found
Native extension for WebGL target not found
Refreshing native plugins compatible for Editor in 0.28 ms, found 2 plugins.
Preloading 0 native plugins for Editor in 0.00 ms.
Mono: successfully reloaded assembly
- Completed reload, in  0.869 seconds
Domain Reload Profiling:
	ReloadAssembly (870ms)
		BeginReloadAssembly (92ms)
			ExecutionOrderSort (0ms)
			DisableScriptedObjects (4ms)
			BackupInstance (0ms)
			ReleaseScriptingObjects (0ms)
			CreateAndSetChildDomain (25ms)
		EndReloadAssembly (725ms)
			LoadAssemblies (75ms)
			RebuildTransferFunctionScriptingTraits (0ms)
			SetupTypeCache (217ms)
			ReleaseScriptCaches (1ms)
			RebuildScriptCaches (31ms)
			SetupLoadedEditorAssemblies (319ms)
				LogAssemblyErrors (0ms)
				InitializePlatformSupportModulesInManaged (5ms)
				SetLoadedEditorAssemblies (0ms)
				RefreshPlugins (0ms)
				BeforeProcessingInitializeOnLoad (44ms)
				ProcessInitializeOnLoadAttributes (259ms)
				ProcessInitializeOnLoadMethodAttributes (3ms)
				AfterProcessingInitializeOnLoad (7ms)
				EditorAssembliesLoaded (0ms)
			ExecutionOrderSort2 (0ms)
			AwakeInstancesAfterBackupRestoration (7ms)
Platform modules already initialized, skipping
Refreshing native plugins compatible for Editor in 0.28 ms, found 2 plugins.
Preloading 0 native plugins for Editor in 0.00 ms.
Unloading 1392 Unused Serialized files (Serialized files now loaded: 0)
System memory in use before: 67.9 MB.
System memory in use after: 68.0 MB.

Unloading 13 unused Assets to reduce memory usage. Loaded Objects now: 1842.
Total: 2.637300 ms (FindLiveObjects: 0.129700 ms CreateObjectMapping: 0.031300 ms MarkObjects: 2.460700 ms  DeleteObjects: 0.014500 ms)

AssetImportParameters requested are different than current active one (requested -> active):
  custom:framework-win-MediaFoundation: 216162199b28c13a410421893ffa2e32 -> 
  custom:video-decoder-ogg-theora: a1e56fd34408186e4bbccfd4996cb3dc -> 
  custom:container-muxer-webm: aa71ff27fc2769a1b78a27578f13a17b -> 
  custom:container-demuxer-webm: 4f35f7cbe854078d1ac9338744f61a02 -> 
  custom:container-demuxer-ogg: 62fdf1f143b41e24485cea50d1cbac27 -> 
  custom:video-encoder-webm-vp8: eb34c28f22e8b96e1ab97ce403110664 -> 
  custom:video-codec-MediaFoundation-h265: e54d7ab0439102e2317fc1e4b246158d -> 
  custom:video-decoder-webm-vp8: 9c59270c3fd7afecdb556c50c9e8de78 -> 
  custom:audio-decoder-ogg-vorbis: bf7c407c2cedff20999df2af8eb42d56 -> 
  custom:audio-encoder-webm-vorbis: bf7c407c2cedff20999df2af8eb42d56 -> 
========================================================================
Received Import Request.
  Time since last request: 343.691280 seconds.
  path: Assets/Animations/Idle (1).controller
  artifactKey: Guid(8b227c86c0fc34645956dddef7b11d86) Importer(815301076,1909f56bfc062723c751e8b465ee728b)
Start importing Assets/Animations/Idle (1).controller using Guid(8b227c86c0fc34645956dddef7b11d86) Importer(815301076,1909f56bfc062723c751e8b465ee728b)  -> (artifact id: '559ba011d27674784988e8aa4a8355db') in 0.019429 seconds 
  Import took 0.022253 seconds .

========================================================================
Received Prepare
Registering precompiled user dll's ...
Registered in 0.004410 seconds.
Begin MonoManager ReloadAssembly
Native extension for WindowsStandalone target not found
Native extension for WebGL target not found
Refreshing native plugins compatible for Editor in 0.27 ms, found 2 plugins.
Preloading 0 native plugins for Editor in 0.00 ms.
Mono: successfully reloaded assembly
- Completed reload, in  0.847 seconds
Domain Reload Profiling:
	ReloadAssembly (848ms)
		BeginReloadAssembly (96ms)
			ExecutionOrderSort (0ms)
			DisableScriptedObjects (7ms)
			BackupInstance (0ms)
			ReleaseScriptingObjects (0ms)
			CreateAndSetChildDomain (26ms)
		EndReloadAssembly (699ms)
			LoadAssemblies (75ms)
			RebuildTransferFunctionScriptingTraits (0ms)
			SetupTypeCache (209ms)
			ReleaseScriptCaches (1ms)
			RebuildScriptCaches (30ms)
			SetupLoadedEditorAssemblies (308ms)
				LogAssemblyErrors (0ms)
				InitializePlatformSupportModulesInManaged (5ms)
				SetLoadedEditorAssemblies (0ms)
				RefreshPlugins (0ms)
				BeforeProcessingInitializeOnLoad (43ms)
				ProcessInitializeOnLoadAttributes (249ms)
				ProcessInitializeOnLoadMethodAttributes (3ms)
				AfterProcessingInitializeOnLoad (7ms)
				EditorAssembliesLoaded (0ms)
			ExecutionOrderSort2 (0ms)
			AwakeInstancesAfterBackupRestoration (6ms)
Platform modules already initialized, skipping
Refreshing native plugins compatible for Editor in 0.46 ms, found 2 plugins.
Preloading 0 native plugins for Editor in 0.00 ms.
Unloading 1392 Unused Serialized files (Serialized files now loaded: 0)
System memory in use before: 67.9 MB.
System memory in use after: 68.0 MB.

Unloading 13 unused Assets to reduce memory usage. Loaded Objects now: 1844.
Total: 2.281800 ms (FindLiveObjects: 0.117200 ms CreateObjectMapping: 0.036700 ms MarkObjects: 2.113500 ms  DeleteObjects: 0.013300 ms)

AssetImportParameters requested are different than current active one (requested -> active):
  custom:framework-win-MediaFoundation: 216162199b28c13a410421893ffa2e32 -> 
  custom:video-decoder-ogg-theora: a1e56fd34408186e4bbccfd4996cb3dc -> 
  custom:container-muxer-webm: aa71ff27fc2769a1b78a27578f13a17b -> 
  custom:container-demuxer-webm: 4f35f7cbe854078d1ac9338744f61a02 -> 
  custom:container-demuxer-ogg: 62fdf1f143b41e24485cea50d1cbac27 -> 
  custom:video-encoder-webm-vp8: eb34c28f22e8b96e1ab97ce403110664 -> 
  custom:video-codec-MediaFoundation-h265: e54d7ab0439102e2317fc1e4b246158d -> 
  custom:video-decoder-webm-vp8: 9c59270c3fd7afecdb556c50c9e8de78 -> 
  custom:audio-decoder-ogg-vorbis: bf7c407c2cedff20999df2af8eb42d56 -> 
  custom:audio-encoder-webm-vorbis: bf7c407c2cedff20999df2af8eb42d56 -> 
========================================================================
Received Prepare
Registering precompiled user dll's ...
Registered in 0.004639 seconds.
Begin MonoManager ReloadAssembly
Native extension for WindowsStandalone target not found
Native extension for WebGL target not found
Refreshing native plugins compatible for Editor in 0.27 ms, found 2 plugins.
Preloading 0 native plugins for Editor in 0.00 ms.
Mono: successfully reloaded assembly
- Completed reload, in  0.833 seconds
Domain Reload Profiling:
	ReloadAssembly (834ms)
		BeginReloadAssembly (95ms)
			ExecutionOrderSort (0ms)
			DisableScriptedObjects (4ms)
			BackupInstance (0ms)
			ReleaseScriptingObjects (0ms)
			CreateAndSetChildDomain (26ms)
		EndReloadAssembly (684ms)
			LoadAssemblies (84ms)
			RebuildTransferFunctionScriptingTraits (0ms)
			SetupTypeCache (212ms)
			ReleaseScriptCaches (1ms)
			RebuildScriptCaches (30ms)
			SetupLoadedEditorAssemblies (285ms)
				LogAssemblyErrors (0ms)
				InitializePlatformSupportModulesInManaged (5ms)
				SetLoadedEditorAssemblies (0ms)
				RefreshPlugins (0ms)
				BeforeProcessingInitializeOnLoad (44ms)
				ProcessInitializeOnLoadAttributes (225ms)
				ProcessInitializeOnLoadMethodAttributes (3ms)
				AfterProcessingInitializeOnLoad (7ms)
				EditorAssembliesLoaded (0ms)
			ExecutionOrderSort2 (0ms)
			AwakeInstancesAfterBackupRestoration (5ms)
Platform modules already initialized, skipping
Refreshing native plugins compatible for Editor in 0.26 ms, found 2 plugins.
Preloading 0 native plugins for Editor in 0.00 ms.
Unloading 1392 Unused Serialized files (Serialized files now loaded: 0)
System memory in use before: 67.9 MB.
System memory in use after: 68.0 MB.

Unloading 13 unused Assets to reduce memory usage. Loaded Objects now: 1846.
Total: 2.429600 ms (FindLiveObjects: 0.111100 ms CreateObjectMapping: 0.032100 ms MarkObjects: 2.272600 ms  DeleteObjects: 0.013000 ms)

AssetImportParameters requested are different than current active one (requested -> active):
  custom:framework-win-MediaFoundation: 216162199b28c13a410421893ffa2e32 -> 
  custom:video-decoder-ogg-theora: a1e56fd34408186e4bbccfd4996cb3dc -> 
  custom:container-muxer-webm: aa71ff27fc2769a1b78a27578f13a17b -> 
  custom:container-demuxer-webm: 4f35f7cbe854078d1ac9338744f61a02 -> 
  custom:container-demuxer-ogg: 62fdf1f143b41e24485cea50d1cbac27 -> 
  custom:video-encoder-webm-vp8: eb34c28f22e8b96e1ab97ce403110664 -> 
  custom:video-codec-MediaFoundation-h265: e54d7ab0439102e2317fc1e4b246158d -> 
  custom:video-decoder-webm-vp8: 9c59270c3fd7afecdb556c50c9e8de78 -> 
  custom:audio-decoder-ogg-vorbis: bf7c407c2cedff20999df2af8eb42d56 -> 
  custom:audio-encoder-webm-vorbis: bf7c407c2cedff20999df2af8eb42d56 -> 
========================================================================
Received Import Request.
  Time since last request: 779.338533 seconds.
  path: Assets/Script/SoundScript.cs
  artifactKey: Guid(258de8e6205d11c4b83721bc20ca5050) Importer(815301076,1909f56bfc062723c751e8b465ee728b)
Start importing Assets/Script/SoundScript.cs using Guid(258de8e6205d11c4b83721bc20ca5050) Importer(815301076,1909f56bfc062723c751e8b465ee728b)  -> (artifact id: '60c5c519794d8f6cbc55e28e0d41fe32') in 0.006428 seconds 
  Import took 0.008338 seconds .

========================================================================
Received Prepare
Registering precompiled user dll's ...
Registered in 0.005581 seconds.
Begin MonoManager ReloadAssembly
Native extension for WindowsStandalone target not found
Native extension for WebGL target not found
Refreshing native plugins compatible for Editor in 0.31 ms, found 2 plugins.
Preloading 0 native plugins for Editor in 0.00 ms.
Mono: successfully reloaded assembly
- Completed reload, in  0.830 seconds
Domain Reload Profiling:
	ReloadAssembly (830ms)
		BeginReloadAssembly (89ms)
			ExecutionOrderSort (0ms)
			DisableScriptedObjects (4ms)
			BackupInstance (0ms)
			ReleaseScriptingObjects (0ms)
			CreateAndSetChildDomain (24ms)
		EndReloadAssembly (689ms)
			LoadAssemblies (74ms)
			RebuildTransferFunctionScriptingTraits (0ms)
			SetupTypeCache (209ms)
			ReleaseScriptCaches (1ms)
			RebuildScriptCaches (31ms)
			SetupLoadedEditorAssemblies (297ms)
				LogAssemblyErrors (0ms)
				InitializePlatformSupportModulesInManaged (5ms)
				SetLoadedEditorAssemblies (0ms)
				RefreshPlugins (0ms)
				BeforeProcessingInitializeOnLoad (43ms)
				ProcessInitializeOnLoadAttributes (236ms)
				ProcessInitializeOnLoadMethodAttributes (3ms)
				AfterProcessingInitializeOnLoad (8ms)
				EditorAssembliesLoaded (0ms)
			ExecutionOrderSort2 (0ms)
			AwakeInstancesAfterBackupRestoration (9ms)
Platform modules already initialized, skipping
Refreshing native plugins compatible for Editor in 0.27 ms, found 2 plugins.
Preloading 0 native plugins for Editor in 0.00 ms.
Unloading 1392 Unused Serialized files (Serialized files now loaded: 0)
System memory in use before: 67.9 MB.
System memory in use after: 68.0 MB.

Unloading 13 unused Assets to reduce memory usage. Loaded Objects now: 1848.
Total: 2.266100 ms (FindLiveObjects: 0.114200 ms CreateObjectMapping: 0.034600 ms MarkObjects: 2.100900 ms  DeleteObjects: 0.015300 ms)

AssetImportParameters requested are different than current active one (requested -> active):
  custom:framework-win-MediaFoundation: 216162199b28c13a410421893ffa2e32 -> 
  custom:video-decoder-ogg-theora: a1e56fd34408186e4bbccfd4996cb3dc -> 
  custom:container-muxer-webm: aa71ff27fc2769a1b78a27578f13a17b -> 
  custom:container-demuxer-webm: 4f35f7cbe854078d1ac9338744f61a02 -> 
  custom:container-demuxer-ogg: 62fdf1f143b41e24485cea50d1cbac27 -> 
  custom:video-encoder-webm-vp8: eb34c28f22e8b96e1ab97ce403110664 -> 
  custom:video-codec-MediaFoundation-h265: e54d7ab0439102e2317fc1e4b246158d -> 
  custom:video-decoder-webm-vp8: 9c59270c3fd7afecdb556c50c9e8de78 -> 
  custom:audio-decoder-ogg-vorbis: bf7c407c2cedff20999df2af8eb42d56 -> 
  custom:audio-encoder-webm-vorbis: bf7c407c2cedff20999df2af8eb42d56 -> 
========================================================================
Received Prepare
Registering precompiled user dll's ...
Registered in 0.005763 seconds.
Begin MonoManager ReloadAssembly
Native extension for WindowsStandalone target not found
Native extension for WebGL target not found
Refreshing native plugins compatible for Editor in 0.27 ms, found 2 plugins.
Preloading 0 native plugins for Editor in 0.00 ms.
Mono: successfully reloaded assembly
- Completed reload, in  0.804 seconds
Domain Reload Profiling:
	ReloadAssembly (805ms)
		BeginReloadAssembly (91ms)
			ExecutionOrderSort (0ms)
			DisableScriptedObjects (3ms)
			BackupInstance (0ms)
			ReleaseScriptingObjects (0ms)
			CreateAndSetChildDomain (25ms)
		EndReloadAssembly (660ms)
			LoadAssemblies (74ms)
			RebuildTransferFunctionScriptingTraits (0ms)
			SetupTypeCache (208ms)
			ReleaseScriptCaches (1ms)
			RebuildScriptCaches (30ms)
			SetupLoadedEditorAssemblies (276ms)
				LogAssemblyErrors (0ms)
				InitializePlatformSupportModulesInManaged (5ms)
				SetLoadedEditorAssemblies (0ms)
				RefreshPlugins (0ms)
				BeforeProcessingInitializeOnLoad (44ms)
				ProcessInitializeOnLoadAttributes (218ms)
				ProcessInitializeOnLoadMethodAttributes (3ms)
				AfterProcessingInitializeOnLoad (7ms)
				EditorAssembliesLoaded (0ms)
			ExecutionOrderSort2 (0ms)
			AwakeInstancesAfterBackupRestoration (5ms)
Platform modules already initialized, skipping
Refreshing native plugins compatible for Editor in 0.30 ms, found 2 plugins.
Preloading 0 native plugins for Editor in 0.00 ms.
Unloading 1392 Unused Serialized files (Serialized files now loaded: 0)
System memory in use before: 67.9 MB.
System memory in use after: 68.0 MB.

Unloading 13 unused Assets to reduce memory usage. Loaded Objects now: 1850.
Total: 2.532500 ms (FindLiveObjects: 0.104300 ms CreateObjectMapping: 0.037100 ms MarkObjects: 2.378300 ms  DeleteObjects: 0.012000 ms)

AssetImportParameters requested are different than current active one (requested -> active):
  custom:framework-win-MediaFoundation: 216162199b28c13a410421893ffa2e32 -> 
  custom:video-decoder-ogg-theora: a1e56fd34408186e4bbccfd4996cb3dc -> 
  custom:container-muxer-webm: aa71ff27fc2769a1b78a27578f13a17b -> 
  custom:container-demuxer-webm: 4f35f7cbe854078d1ac9338744f61a02 -> 
  custom:container-demuxer-ogg: 62fdf1f143b41e24485cea50d1cbac27 -> 
  custom:video-encoder-webm-vp8: eb34c28f22e8b96e1ab97ce403110664 -> 
  custom:video-codec-MediaFoundation-h265: e54d7ab0439102e2317fc1e4b246158d -> 
  custom:video-decoder-webm-vp8: 9c59270c3fd7afecdb556c50c9e8de78 -> 
  custom:audio-decoder-ogg-vorbis: bf7c407c2cedff20999df2af8eb42d56 -> 
  custom:audio-encoder-webm-vorbis: bf7c407c2cedff20999df2af8eb42d56 -> 
========================================================================
Received Prepare
Registering precompiled user dll's ...
Registered in 0.004225 seconds.
Begin MonoManager ReloadAssembly
Native extension for WindowsStandalone target not found
Native extension for WebGL target not found
Refreshing native plugins compatible for Editor in 0.27 ms, found 2 plugins.
Preloading 0 native plugins for Editor in 0.00 ms.
Mono: successfully reloaded assembly
- Completed reload, in  0.835 seconds
Domain Reload Profiling:
	ReloadAssembly (835ms)
		BeginReloadAssembly (88ms)
			ExecutionOrderSort (0ms)
			DisableScriptedObjects (4ms)
			BackupInstance (0ms)
			ReleaseScriptingObjects (0ms)
			CreateAndSetChildDomain (23ms)
		EndReloadAssembly (695ms)
			LoadAssemblies (74ms)
			RebuildTransferFunctionScriptingTraits (0ms)
			SetupTypeCache (211ms)
			ReleaseScriptCaches (1ms)
			RebuildScriptCaches (30ms)
			SetupLoadedEditorAssemblies (300ms)
				LogAssemblyErrors (0ms)
				InitializePlatformSupportModulesInManaged (5ms)
				SetLoadedEditorAssemblies (0ms)
				RefreshPlugins (0ms)
				BeforeProcessingInitializeOnLoad (42ms)
				ProcessInitializeOnLoadAttributes (240ms)
				ProcessInitializeOnLoadMethodAttributes (4ms)
				AfterProcessingInitializeOnLoad (9ms)
				EditorAssembliesLoaded (0ms)
			ExecutionOrderSort2 (0ms)
			AwakeInstancesAfterBackupRestoration (8ms)
Platform modules already initialized, skipping
Refreshing native plugins compatible for Editor in 0.42 ms, found 2 plugins.
Preloading 0 native plugins for Editor in 0.00 ms.
Unloading 1392 Unused Serialized files (Serialized files now loaded: 0)
System memory in use before: 68.0 MB.
System memory in use after: 68.1 MB.

Unloading 13 unused Assets to reduce memory usage. Loaded Objects now: 1852.
Total: 2.432000 ms (FindLiveObjects: 0.132400 ms CreateObjectMapping: 0.043600 ms MarkObjects: 2.242300 ms  DeleteObjects: 0.012800 ms)

AssetImportParameters requested are different than current active one (requested -> active):
  custom:framework-win-MediaFoundation: 216162199b28c13a410421893ffa2e32 -> 
  custom:video-decoder-ogg-theora: a1e56fd34408186e4bbccfd4996cb3dc -> 
  custom:container-muxer-webm: aa71ff27fc2769a1b78a27578f13a17b -> 
  custom:container-demuxer-webm: 4f35f7cbe854078d1ac9338744f61a02 -> 
  custom:container-demuxer-ogg: 62fdf1f143b41e24485cea50d1cbac27 -> 
  custom:video-encoder-webm-vp8: eb34c28f22e8b96e1ab97ce403110664 -> 
  custom:video-codec-MediaFoundation-h265: e54d7ab0439102e2317fc1e4b246158d -> 
  custom:video-decoder-webm-vp8: 9c59270c3fd7afecdb556c50c9e8de78 -> 
  custom:audio-decoder-ogg-vorbis: bf7c407c2cedff20999df2af8eb42d56 -> 
  custom:audio-encoder-webm-vorbis: bf7c407c2cedff20999df2af8eb42d56 -> 
========================================================================
Received Prepare
Registering precompiled user dll's ...
Registered in 0.004104 seconds.
Begin MonoManager ReloadAssembly
Native extension for WindowsStandalone target not found
Native extension for WebGL target not found
Refreshing native plugins compatible for Editor in 0.27 ms, found 2 plugins.
Preloading 0 native plugins for Editor in 0.00 ms.
Mono: successfully reloaded assembly
- Completed reload, in  0.826 seconds
Domain Reload Profiling:
	ReloadAssembly (826ms)
		BeginReloadAssembly (97ms)
			ExecutionOrderSort (0ms)
			DisableScriptedObjects (4ms)
			BackupInstance (0ms)
			ReleaseScriptingObjects (0ms)
			CreateAndSetChildDomain (23ms)
		EndReloadAssembly (677ms)
			LoadAssemblies (83ms)
			RebuildTransferFunctionScriptingTraits (0ms)
			SetupTypeCache (215ms)
			ReleaseScriptCaches (1ms)
			RebuildScriptCaches (30ms)
			SetupLoadedEditorAssemblies (280ms)
				LogAssemblyErrors (0ms)
				InitializePlatformSupportModulesInManaged (5ms)
				SetLoadedEditorAssemblies (0ms)
				RefreshPlugins (0ms)
				BeforeProcessingInitializeOnLoad (44ms)
				ProcessInitializeOnLoadAttributes (221ms)
				ProcessInitializeOnLoadMethodAttributes (3ms)
				AfterProcessingInitializeOnLoad (7ms)
				EditorAssembliesLoaded (0ms)
			ExecutionOrderSort2 (0ms)
			AwakeInstancesAfterBackupRestoration (5ms)
Platform modules already initialized, skipping
Refreshing native plugins compatible for Editor in 0.29 ms, found 2 plugins.
Preloading 0 native plugins for Editor in 0.00 ms.
Unloading 1392 Unused Serialized files (Serialized files now loaded: 0)
System memory in use before: 68.0 MB.
System memory in use after: 68.1 MB.

Unloading 13 unused Assets to reduce memory usage. Loaded Objects now: 1854.
Total: 2.462000 ms (FindLiveObjects: 0.128300 ms CreateObjectMapping: 0.030900 ms MarkObjects: 2.288800 ms  DeleteObjects: 0.013300 ms)

AssetImportParameters requested are different than current active one (requested -> active):
  custom:framework-win-MediaFoundation: 216162199b28c13a410421893ffa2e32 -> 
  custom:video-decoder-ogg-theora: a1e56fd34408186e4bbccfd4996cb3dc -> 
  custom:container-muxer-webm: aa71ff27fc2769a1b78a27578f13a17b -> 
  custom:container-demuxer-webm: 4f35f7cbe854078d1ac9338744f61a02 -> 
  custom:container-demuxer-ogg: 62fdf1f143b41e24485cea50d1cbac27 -> 
  custom:video-encoder-webm-vp8: eb34c28f22e8b96e1ab97ce403110664 -> 
  custom:video-codec-MediaFoundation-h265: e54d7ab0439102e2317fc1e4b246158d -> 
  custom:video-decoder-webm-vp8: 9c59270c3fd7afecdb556c50c9e8de78 -> 
  custom:audio-decoder-ogg-vorbis: bf7c407c2cedff20999df2af8eb42d56 -> 
  custom:audio-encoder-webm-vorbis: bf7c407c2cedff20999df2af8eb42d56 -> 
========================================================================
Received Prepare
Registering precompiled user dll's ...
Registered in 0.004149 seconds.
Begin MonoManager ReloadAssembly
Native extension for WindowsStandalone target not found
Native extension for WebGL target not found
Refreshing native plugins compatible for Editor in 0.32 ms, found 2 plugins.
Preloading 0 native plugins for Editor in 0.00 ms.
Mono: successfully reloaded assembly
- Completed reload, in  1.040 seconds
Domain Reload Profiling:
	ReloadAssembly (1040ms)
		BeginReloadAssembly (88ms)
			ExecutionOrderSort (0ms)
			DisableScriptedObjects (4ms)
			BackupInstance (0ms)
			ReleaseScriptingObjects (0ms)
			CreateAndSetChildDomain (23ms)
		EndReloadAssembly (900ms)
			LoadAssemblies (74ms)
			RebuildTransferFunctionScriptingTraits (0ms)
			SetupTypeCache (216ms)
			ReleaseScriptCaches (1ms)
			RebuildScriptCaches (32ms)
			SetupLoadedEditorAssemblies (483ms)
				LogAssemblyErrors (0ms)
				InitializePlatformSupportModulesInManaged (6ms)
				SetLoadedEditorAssemblies (0ms)
				RefreshPlugins (0ms)
				BeforeProcessingInitializeOnLoad (69ms)
				ProcessInitializeOnLoadAttributes (397ms)
				ProcessInitializeOnLoadMethodAttributes (3ms)
				AfterProcessingInitializeOnLoad (7ms)
				EditorAssembliesLoaded (0ms)
			ExecutionOrderSort2 (0ms)
			AwakeInstancesAfterBackupRestoration (5ms)
Platform modules already initialized, skipping
Refreshing native plugins compatible for Editor in 0.43 ms, found 2 plugins.
Preloading 0 native plugins for Editor in 0.00 ms.
Unloading 1392 Unused Serialized files (Serialized files now loaded: 0)
System memory in use before: 68.0 MB.
System memory in use after: 68.1 MB.

Unloading 13 unused Assets to reduce memory usage. Loaded Objects now: 1856.
Total: 2.524400 ms (FindLiveObjects: 0.119600 ms CreateObjectMapping: 0.034100 ms MarkObjects: 2.354900 ms  DeleteObjects: 0.014500 ms)

AssetImportParameters requested are different than current active one (requested -> active):
  custom:framework-win-MediaFoundation: 216162199b28c13a410421893ffa2e32 -> 
  custom:video-decoder-ogg-theora: a1e56fd34408186e4bbccfd4996cb3dc -> 
  custom:container-muxer-webm: aa71ff27fc2769a1b78a27578f13a17b -> 
  custom:container-demuxer-webm: 4f35f7cbe854078d1ac9338744f61a02 -> 
  custom:container-demuxer-ogg: 62fdf1f143b41e24485cea50d1cbac27 -> 
  custom:video-encoder-webm-vp8: eb34c28f22e8b96e1ab97ce403110664 -> 
  custom:video-codec-MediaFoundation-h265: e54d7ab0439102e2317fc1e4b246158d -> 
  custom:video-decoder-webm-vp8: 9c59270c3fd7afecdb556c50c9e8de78 -> 
  custom:audio-decoder-ogg-vorbis: bf7c407c2cedff20999df2af8eb42d56 -> 
  custom:audio-encoder-webm-vorbis: bf7c407c2cedff20999df2af8eb42d56 -> 
========================================================================
Received Prepare
Refreshing native plugins compatible for Editor in 3.23 ms, found 2 plugins.
Preloading 0 native plugins for Editor in 0.00 ms.
Unloading 11 Unused Serialized files (Serialized files now loaded: 0)
System memory in use before: 40.6 MB.
System memory in use after: 40.7 MB.

Unloading 11 unused Assets to reduce memory usage. Loaded Objects now: 1856.
Total: 2.522100 ms (FindLiveObjects: 0.134100 ms CreateObjectMapping: 0.033700 ms MarkObjects: 2.342700 ms  DeleteObjects: 0.011100 ms)

AssetImportParameters requested are different than current active one (requested -> active):
  custom:framework-win-MediaFoundation: 216162199b28c13a410421893ffa2e32 -> 
  custom:video-decoder-ogg-theora: a1e56fd34408186e4bbccfd4996cb3dc -> 
  custom:container-muxer-webm: aa71ff27fc2769a1b78a27578f13a17b -> 
  custom:container-demuxer-webm: 4f35f7cbe854078d1ac9338744f61a02 -> 
  custom:container-demuxer-ogg: 62fdf1f143b41e24485cea50d1cbac27 -> 
  custom:video-encoder-webm-vp8: eb34c28f22e8b96e1ab97ce403110664 -> 
  custom:video-codec-MediaFoundation-h265: e54d7ab0439102e2317fc1e4b246158d -> 
  custom:video-decoder-webm-vp8: 9c59270c3fd7afecdb556c50c9e8de78 -> 
  custom:audio-decoder-ogg-vorbis: bf7c407c2cedff20999df2af8eb42d56 -> 
  custom:audio-encoder-webm-vorbis: bf7c407c2cedff20999df2af8eb42d56 -> 
AssetImportWorkerClient::OnTransportError - code=2 error=End of file
