Using pre-set license
Built from '2020.3/staging' branch; Version is '2020.3.17f1 (a4537701e4ab) revision 10769271'; Using compiler version '192528614'; Build Type 'Release'
OS: 'Windows 10 Pro; OS build 19043.1237; Version 2009; 64bit' Language: 'en' Physical Memory: 16320 MB
BatchMode: 1, IsHumanControllingUs: 0, StartBugReporterOnCrash: 0, Is64bit: 1, IsPro: 0

COMMAND LINE ARGUMENTS:
C:\Program Files\Unity\Hub\Editor\2020.3.17f1\Editor\Unity.exe
-adb2
-batchMode
-noUpm
-name
AssetImportWorker0
-projectPath
C:/Users/Zared/Desktop/Dig3480/Tutorial 1.5/Tutorial1.5 part 1
-logFile
Logs/AssetImportWorker0.log
-srvPort
58216
Successfully changed project path to: C:/Users/Zared/Desktop/Dig3480/Tutorial 1.5/Tutorial1.5 part 1
C:/Users/Zared/Desktop/Dig3480/Tutorial 1.5/Tutorial1.5 part 1
Using Asset Import Pipeline V2.
Refreshing native plugins compatible for Editor in 25.68 ms, found 2 plugins.
Preloading 0 native plugins for Editor in 0.00 ms.
Initialize engine version: 2020.3.17f1 (a4537701e4ab)
[Subsystems] Discovering subsystems at path C:/Program Files/Unity/Hub/Editor/2020.3.17f1/Editor/Data/Resources/UnitySubsystems
[Subsystems] Discovering subsystems at path C:/Users/Zared/Desktop/Dig3480/Tutorial 1.5/Tutorial1.5 part 1/Assets
GfxDevice: creating device client; threaded=0
Direct3D:
    Version:  Direct3D 11.0 [level 11.1]
    Renderer: NVIDIA GeForce GTX 1080 (ID=0x1b80)
    Vendor:   
    VRAM:     8079 MB
    Driver:   30.0.14.7212
Initialize mono
Mono path[0] = 'C:/Program Files/Unity/Hub/Editor/2020.3.17f1/Editor/Data/Managed'
Mono path[1] = 'C:/Program Files/Unity/Hub/Editor/2020.3.17f1/Editor/Data/MonoBleedingEdge/lib/mono/unityjit'
Mono config path = 'C:/Program Files/Unity/Hub/Editor/2020.3.17f1/Editor/Data/MonoBleedingEdge/etc'
Using monoOptions --debugger-agent=transport=dt_socket,embedding=1,server=y,suspend=n,address=127.0.0.1:56436
Begin MonoManager ReloadAssembly
Registering precompiled unity dll's ...
Register platform support module: C:/Program Files/Unity/Hub/Editor/2020.3.17f1/Editor/Data/PlaybackEngines/WebGLSupport/UnityEditor.WebGL.Extensions.dll
Register platform support module: C:/Program Files/Unity/Hub/Editor/2020.3.17f1/Editor/Data/PlaybackEngines/WindowsStandaloneSupport/UnityEditor.WindowsStandalone.Extensions.dll
Registered in 0.002832 seconds.
Native extension for WindowsStandalone target not found
Native extension for WebGL target not found
Refreshing native plugins compatible for Editor in 24.32 ms, found 2 plugins.
Preloading 0 native plugins for Editor in 0.00 ms.
Mono: successfully reloaded assembly
- Completed reload, in  0.999 seconds
Domain Reload Profiling:
	ReloadAssembly (999ms)
		BeginReloadAssembly (53ms)
			ExecutionOrderSort (0ms)
			DisableScriptedObjects (0ms)
			BackupInstance (0ms)
			ReleaseScriptingObjects (0ms)
			CreateAndSetChildDomain (1ms)
		EndReloadAssembly (336ms)
			LoadAssemblies (51ms)
			RebuildTransferFunctionScriptingTraits (0ms)
			SetupTypeCache (128ms)
			ReleaseScriptCaches (0ms)
			RebuildScriptCaches (26ms)
			SetupLoadedEditorAssemblies (127ms)
				LogAssemblyErrors (0ms)
				InitializePlatformSupportModulesInManaged (4ms)
				SetLoadedEditorAssemblies (0ms)
				RefreshPlugins (24ms)
				BeforeProcessingInitializeOnLoad (8ms)
				ProcessInitializeOnLoadAttributes (66ms)
				ProcessInitializeOnLoadMethodAttributes (23ms)
				AfterProcessingInitializeOnLoad (0ms)
				EditorAssembliesLoaded (0ms)
			ExecutionOrderSort2 (0ms)
			AwakeInstancesAfterBackupRestoration (0ms)
Platform modules already initialized, skipping
Registering precompiled user dll's ...
Registered in 0.004288 seconds.
Begin MonoManager ReloadAssembly
Native extension for WindowsStandalone target not found
Native extension for WebGL target not found
Refreshing native plugins compatible for Editor in 0.26 ms, found 2 plugins.
Preloading 0 native plugins for Editor in 0.00 ms.
Mono: successfully reloaded assembly
- Completed reload, in  0.902 seconds
Domain Reload Profiling:
	ReloadAssembly (903ms)
		BeginReloadAssembly (133ms)
			ExecutionOrderSort (0ms)
			DisableScriptedObjects (6ms)
			BackupInstance (0ms)
			ReleaseScriptingObjects (0ms)
			CreateAndSetChildDomain (15ms)
		EndReloadAssembly (714ms)
			LoadAssemblies (77ms)
			RebuildTransferFunctionScriptingTraits (0ms)
			SetupTypeCache (224ms)
			ReleaseScriptCaches (0ms)
			RebuildScriptCaches (33ms)
			SetupLoadedEditorAssemblies (305ms)
				LogAssemblyErrors (0ms)
				InitializePlatformSupportModulesInManaged (5ms)
				SetLoadedEditorAssemblies (0ms)
				RefreshPlugins (0ms)
				BeforeProcessingInitializeOnLoad (47ms)
				ProcessInitializeOnLoadAttributes (243ms)
				ProcessInitializeOnLoadMethodAttributes (3ms)
				AfterProcessingInitializeOnLoad (7ms)
				EditorAssembliesLoaded (0ms)
			ExecutionOrderSort2 (0ms)
			AwakeInstancesAfterBackupRestoration (5ms)
Platform modules already initialized, skipping
========================================================================
Worker process is ready to serve import requests
Launched and connected shader compiler UnityShaderCompiler.exe after 0.04 seconds
Refreshing native plugins compatible for Editor in 0.25 ms, found 2 plugins.
Preloading 0 native plugins for Editor in 0.00 ms.
Unloading 1398 Unused Serialized files (Serialized files now loaded: 0)
System memory in use before: 64.9 MB.
System memory in use after: 65.0 MB.

Unloading 18 unused Assets to reduce memory usage. Loaded Objects now: 1831.
Total: 2.332300 ms (FindLiveObjects: 0.108600 ms CreateObjectMapping: 0.032000 ms MarkObjects: 2.129900 ms  DeleteObjects: 0.060700 ms)

AssetImportParameters requested are different than current active one (requested -> active):
  custom:framework-win-MediaFoundation: 216162199b28c13a410421893ffa2e32 -> 
  custom:video-decoder-ogg-theora: a1e56fd34408186e4bbccfd4996cb3dc -> 
  custom:container-muxer-webm: aa71ff27fc2769a1b78a27578f13a17b -> 
  custom:container-demuxer-webm: 4f35f7cbe854078d1ac9338744f61a02 -> 
  custom:container-demuxer-ogg: 62fdf1f143b41e24485cea50d1cbac27 -> 
  custom:video-encoder-webm-vp8: eb34c28f22e8b96e1ab97ce403110664 -> 
  custom:video-codec-MediaFoundation-h265: e54d7ab0439102e2317fc1e4b246158d -> 
  custom:video-decoder-webm-vp8: 9c59270c3fd7afecdb556c50c9e8de78 -> 
  custom:audio-decoder-ogg-vorbis: bf7c407c2cedff20999df2af8eb42d56 -> 
  custom:audio-encoder-webm-vorbis: bf7c407c2cedff20999df2af8eb42d56 -> 
========================================================================
Received Import Request.
  path: Assets/Animations
  artifactKey: Guid(658ec13da3ea5cf4b8ed5a2b040464c4) Importer(815301076,1909f56bfc062723c751e8b465ee728b)
Start importing Assets/Animations using Guid(658ec13da3ea5cf4b8ed5a2b040464c4) Importer(815301076,1909f56bfc062723c751e8b465ee728b)  -> (artifact id: 'c7bfa21d916ba32ff11c3f72f414be7e') in 0.003468 seconds 
  Import took 0.005049 seconds .

========================================================================
Received Import Request.
  Time since last request: 4.783854 seconds.
  path: Assets/SoundS
  artifactKey: Guid(368cfb16d48af3041a517908cb456c1d) Importer(815301076,1909f56bfc062723c751e8b465ee728b)
Start importing Assets/SoundS using Guid(368cfb16d48af3041a517908cb456c1d) Importer(815301076,1909f56bfc062723c751e8b465ee728b)  -> (artifact id: 'fedd54cb7d03ac611255c57dc5a2059a') in 0.002539 seconds 
  Import took 0.004831 seconds .

========================================================================
Received Import Request.
  Time since last request: 0.000744 seconds.
  path: Assets/SoundS
  artifactKey: Guid(368cfb16d48af3041a517908cb456c1d) Importer(815301076,1909f56bfc062723c751e8b465ee728b)
Start importing Assets/SoundS using Guid(368cfb16d48af3041a517908cb456c1d) Importer(815301076,1909f56bfc062723c751e8b465ee728b)  -> (artifact id: 'fedd54cb7d03ac611255c57dc5a2059a') in 0.001601 seconds 
  Import took 0.003283 seconds .

========================================================================
Received Import Request.
  Time since last request: 6.140307 seconds.
  path: Assets/Sounds
  artifactKey: Guid(368cfb16d48af3041a517908cb456c1d) Importer(815301076,1909f56bfc062723c751e8b465ee728b)
Start importing Assets/Sounds using Guid(368cfb16d48af3041a517908cb456c1d) Importer(815301076,1909f56bfc062723c751e8b465ee728b)  -> (artifact id: '81f67b3bced3bcb996a775c7a37cf620') in 0.002160 seconds 
  Import took 0.004162 seconds .

========================================================================
Received Import Request.
  Time since last request: 8.737469 seconds.
  path: Assets/Sprites
  artifactKey: Guid(57161cc01bcbf7c4b8743044c2c4d035) Importer(815301076,1909f56bfc062723c751e8b465ee728b)
Start importing Assets/Sprites using Guid(57161cc01bcbf7c4b8743044c2c4d035) Importer(815301076,1909f56bfc062723c751e8b465ee728b)  -> (artifact id: 'c6db171bcc2e77cc1737de77343f0446') in 0.002090 seconds 
  Import took 0.004248 seconds .

========================================================================
Received Import Request.
  Time since last request: 0.000969 seconds.
  path: Assets/Sprites
  artifactKey: Guid(57161cc01bcbf7c4b8743044c2c4d035) Importer(815301076,1909f56bfc062723c751e8b465ee728b)
Start importing Assets/Sprites using Guid(57161cc01bcbf7c4b8743044c2c4d035) Importer(815301076,1909f56bfc062723c751e8b465ee728b)  -> (artifact id: 'c6db171bcc2e77cc1737de77343f0446') in 0.001664 seconds 
  Import took 0.003615 seconds .

========================================================================
Received Import Request.
  Time since last request: 8.263905 seconds.
  path: Assets/Script
  artifactKey: Guid(50986c23bc78e4b4495877eaa3fd00ab) Importer(815301076,1909f56bfc062723c751e8b465ee728b)
Start importing Assets/Script using Guid(50986c23bc78e4b4495877eaa3fd00ab) Importer(815301076,1909f56bfc062723c751e8b465ee728b)  -> (artifact id: '55669b136e938f963ac5e3be7e86e15e') in 0.002139 seconds 
  Import took 0.004468 seconds .

========================================================================
Received Import Request.
  Time since last request: 0.000700 seconds.
  path: Assets/Script
  artifactKey: Guid(50986c23bc78e4b4495877eaa3fd00ab) Importer(815301076,1909f56bfc062723c751e8b465ee728b)
Start importing Assets/Script using Guid(50986c23bc78e4b4495877eaa3fd00ab) Importer(815301076,1909f56bfc062723c751e8b465ee728b)  -> (artifact id: '55669b136e938f963ac5e3be7e86e15e') in 0.001610 seconds 
  Import took 0.003583 seconds .

========================================================================
Received Prepare
Registering precompiled user dll's ...
Registered in 0.003911 seconds.
Begin MonoManager ReloadAssembly
Native extension for WindowsStandalone target not found
Native extension for WebGL target not found
Refreshing native plugins compatible for Editor in 0.30 ms, found 2 plugins.
Preloading 0 native plugins for Editor in 0.00 ms.
Mono: successfully reloaded assembly
- Completed reload, in  0.830 seconds
Domain Reload Profiling:
	ReloadAssembly (831ms)
		BeginReloadAssembly (93ms)
			ExecutionOrderSort (0ms)
			DisableScriptedObjects (4ms)
			BackupInstance (0ms)
			ReleaseScriptingObjects (0ms)
			CreateAndSetChildDomain (26ms)
		EndReloadAssembly (683ms)
			LoadAssemblies (76ms)
			RebuildTransferFunctionScriptingTraits (0ms)
			SetupTypeCache (215ms)
			ReleaseScriptCaches (1ms)
			RebuildScriptCaches (30ms)
			SetupLoadedEditorAssemblies (286ms)
				LogAssemblyErrors (0ms)
				InitializePlatformSupportModulesInManaged (5ms)
				SetLoadedEditorAssemblies (0ms)
				RefreshPlugins (0ms)
				BeforeProcessingInitializeOnLoad (47ms)
				ProcessInitializeOnLoadAttributes (224ms)
				ProcessInitializeOnLoadMethodAttributes (3ms)
				AfterProcessingInitializeOnLoad (7ms)
				EditorAssembliesLoaded (0ms)
			ExecutionOrderSort2 (0ms)
			AwakeInstancesAfterBackupRestoration (5ms)
Platform modules already initialized, skipping
Refreshing native plugins compatible for Editor in 0.26 ms, found 2 plugins.
Preloading 0 native plugins for Editor in 0.00 ms.
Unloading 1392 Unused Serialized files (Serialized files now loaded: 0)
System memory in use before: 64.7 MB.
System memory in use after: 64.8 MB.

Unloading 13 unused Assets to reduce memory usage. Loaded Objects now: 1833.
Total: 2.479800 ms (FindLiveObjects: 0.127900 ms CreateObjectMapping: 0.032400 ms MarkObjects: 2.303400 ms  DeleteObjects: 0.015500 ms)

AssetImportParameters requested are different than current active one (requested -> active):
  custom:framework-win-MediaFoundation: 216162199b28c13a410421893ffa2e32 -> 
  custom:video-decoder-ogg-theora: a1e56fd34408186e4bbccfd4996cb3dc -> 
  custom:container-muxer-webm: aa71ff27fc2769a1b78a27578f13a17b -> 
  custom:container-demuxer-webm: 4f35f7cbe854078d1ac9338744f61a02 -> 
  custom:container-demuxer-ogg: 62fdf1f143b41e24485cea50d1cbac27 -> 
  custom:video-encoder-webm-vp8: eb34c28f22e8b96e1ab97ce403110664 -> 
  custom:video-codec-MediaFoundation-h265: e54d7ab0439102e2317fc1e4b246158d -> 
  custom:video-decoder-webm-vp8: 9c59270c3fd7afecdb556c50c9e8de78 -> 
  custom:audio-decoder-ogg-vorbis: bf7c407c2cedff20999df2af8eb42d56 -> 
  custom:audio-encoder-webm-vorbis: bf7c407c2cedff20999df2af8eb42d56 -> 
========================================================================
Received Import Request.
  Time since last request: 47.553029 seconds.
  path: Assets/Sprites/Dead (1).png
  artifactKey: Guid(3a05b7a6abfda9542b59a1faaabdc0e3) Importer(815301076,1909f56bfc062723c751e8b465ee728b)
Start importing Assets/Sprites/Dead (1).png using Guid(3a05b7a6abfda9542b59a1faaabdc0e3) Importer(815301076,1909f56bfc062723c751e8b465ee728b)  -> (artifact id: 'b6fb0599ae924dea1ffc9b2a3d991f5c') in 0.091798 seconds 
  Import took 0.093799 seconds .

========================================================================
Received Import Request.
  Time since last request: 0.000268 seconds.
  path: Assets/Sprites/Jump (1).png
  artifactKey: Guid(376750e754ecaa04aafe0d7f8dd80261) Importer(815301076,1909f56bfc062723c751e8b465ee728b)
Start importing Assets/Sprites/Jump (1).png using Guid(376750e754ecaa04aafe0d7f8dd80261) Importer(815301076,1909f56bfc062723c751e8b465ee728b)  -> (artifact id: 'c4828f9008bee90bf26af366f2286119') in 0.006579 seconds 
  Import took 0.008211 seconds .

========================================================================
Received Import Request.
  Time since last request: 0.000223 seconds.
  path: Assets/Sprites/Run (7).png
  artifactKey: Guid(3fa77cfa793c7ad479f202446fb60aad) Importer(815301076,1909f56bfc062723c751e8b465ee728b)
Start importing Assets/Sprites/Run (7).png using Guid(3fa77cfa793c7ad479f202446fb60aad) Importer(815301076,1909f56bfc062723c751e8b465ee728b)  -> (artifact id: '90787ea360621166d2f5f31b0510e67c') in 0.005660 seconds 
  Import took 0.007435 seconds .

========================================================================
Received Import Request.
  Time since last request: 0.000243 seconds.
  path: Assets/Sprites/Idle (10).png
  artifactKey: Guid(23e2ac7b7ba8dec449067a02a52f7351) Importer(815301076,1909f56bfc062723c751e8b465ee728b)
Start importing Assets/Sprites/Idle (10).png using Guid(23e2ac7b7ba8dec449067a02a52f7351) Importer(815301076,1909f56bfc062723c751e8b465ee728b)  -> (artifact id: '469b4fd94de6a3372d16a293180c5e6e') in 0.005861 seconds 
  Import took 0.007409 seconds .

========================================================================
Received Import Request.
  Time since last request: 0.000263 seconds.
  path: Assets/Sprites/Walk (5).png
  artifactKey: Guid(ae52a82da63cb40418b38aa860e21b74) Importer(815301076,1909f56bfc062723c751e8b465ee728b)
Start importing Assets/Sprites/Walk (5).png using Guid(ae52a82da63cb40418b38aa860e21b74) Importer(815301076,1909f56bfc062723c751e8b465ee728b)  -> (artifact id: '4acd3add06628a7afc61d075da68bad2') in 0.005236 seconds 
  Import took 0.006774 seconds .

========================================================================
Received Import Request.
  Time since last request: 0.000244 seconds.
  path: Assets/Sprites/Dead (6).png
  artifactKey: Guid(09cf9025f3c995244a9b2c5bbdf58381) Importer(815301076,1909f56bfc062723c751e8b465ee728b)
Start importing Assets/Sprites/Dead (6).png using Guid(09cf9025f3c995244a9b2c5bbdf58381) Importer(815301076,1909f56bfc062723c751e8b465ee728b)  -> (artifact id: 'a725ae0c63ea449d9af3c3586d28846f') in 0.006764 seconds 
  Import took 0.008360 seconds .

========================================================================
Received Import Request.
  Time since last request: 0.000256 seconds.
  path: Assets/Sprites/Jump (4).png
  artifactKey: Guid(7fc13cbc379ffe34f891583d9fd98142) Importer(815301076,1909f56bfc062723c751e8b465ee728b)
Start importing Assets/Sprites/Jump (4).png using Guid(7fc13cbc379ffe34f891583d9fd98142) Importer(815301076,1909f56bfc062723c751e8b465ee728b)  -> (artifact id: 'd95873db7ae400ff8f0fe35afcecf159') in 0.005633 seconds 
  Import took 0.007333 seconds .

========================================================================
Received Import Request.
  Time since last request: 0.000296 seconds.
  path: Assets/Sprites/Walk (8).png
  artifactKey: Guid(8717ce72530354f42a8de36e78c0cb47) Importer(815301076,1909f56bfc062723c751e8b465ee728b)
Start importing Assets/Sprites/Walk (8).png using Guid(8717ce72530354f42a8de36e78c0cb47) Importer(815301076,1909f56bfc062723c751e8b465ee728b)  -> (artifact id: '1497ff88091f4e1f9cf4cb6f21227858') in 0.006180 seconds 
  Import took 0.007999 seconds .

========================================================================
Received Import Request.
  Time since last request: 0.000200 seconds.
  path: Assets/Sprites/Hurt (1).png
  artifactKey: Guid(f214573e862139b42b55d270ef7eb8ca) Importer(815301076,1909f56bfc062723c751e8b465ee728b)
Start importing Assets/Sprites/Hurt (1).png using Guid(f214573e862139b42b55d270ef7eb8ca) Importer(815301076,1909f56bfc062723c751e8b465ee728b)  -> (artifact id: 'a07ae39f88ced24ed749c664e3c2dc18') in 0.008063 seconds 
  Import took 0.009978 seconds .

========================================================================
Received Import Request.
  Time since last request: 0.000282 seconds.
  path: Assets/Sprites/Run (2).png
  artifactKey: Guid(8fd6869bf5dcd534eb384cb8ad01de1d) Importer(815301076,1909f56bfc062723c751e8b465ee728b)
Start importing Assets/Sprites/Run (2).png using Guid(8fd6869bf5dcd534eb384cb8ad01de1d) Importer(815301076,1909f56bfc062723c751e8b465ee728b)  -> (artifact id: '8816fa4dd132d7729e469128783c72f6') in 0.006448 seconds 
  Import took 0.008268 seconds .

========================================================================
Received Import Request.
  Time since last request: 0.000239 seconds.
  path: Assets/Sprites/Hurt (6).png
  artifactKey: Guid(d4794ecadc2e3be459c701fd3e886b33) Importer(815301076,1909f56bfc062723c751e8b465ee728b)
Start importing Assets/Sprites/Hurt (6).png using Guid(d4794ecadc2e3be459c701fd3e886b33) Importer(815301076,1909f56bfc062723c751e8b465ee728b)  -> (artifact id: 'dc9f98afd899122e4cbd8eb440f3c3b9') in 0.006756 seconds 
  Import took 0.008595 seconds .

========================================================================
Received Import Request.
  Time since last request: 0.000207 seconds.
  path: Assets/Sprites/Idle (8).png
  artifactKey: Guid(eccc2d17f8403d4429290cefc65983a1) Importer(815301076,1909f56bfc062723c751e8b465ee728b)
Start importing Assets/Sprites/Idle (8).png using Guid(eccc2d17f8403d4429290cefc65983a1) Importer(815301076,1909f56bfc062723c751e8b465ee728b)  -> (artifact id: 'c226ff9b59c46da937f8ceb4fc3d7b6b') in 0.006449 seconds 
  Import took 0.008377 seconds .

========================================================================
Received Import Request.
  Time since last request: 0.000324 seconds.
  path: Assets/Sprites/Hurt (10).png
  artifactKey: Guid(2bf4ef564ce91634e97c2d84ba00de84) Importer(815301076,1909f56bfc062723c751e8b465ee728b)
Start importing Assets/Sprites/Hurt (10).png using Guid(2bf4ef564ce91634e97c2d84ba00de84) Importer(815301076,1909f56bfc062723c751e8b465ee728b)  -> (artifact id: '8b071c5523b9e1edfc8bbc302c031733') in 0.006797 seconds 
  Import took 0.008610 seconds .

========================================================================
Received Import Request.
  Time since last request: 0.000214 seconds.
  path: Assets/Sprites/Idle (7).png
  artifactKey: Guid(15a726ecbfbf3d04498d6d53aad2487a) Importer(815301076,1909f56bfc062723c751e8b465ee728b)
Start importing Assets/Sprites/Idle (7).png using Guid(15a726ecbfbf3d04498d6d53aad2487a) Importer(815301076,1909f56bfc062723c751e8b465ee728b)  -> (artifact id: 'a809870b323c65e23db6ccba633d1fae') in 0.005746 seconds 
  Import took 0.007593 seconds .

========================================================================
Received Import Request.
  Time since last request: 0.000342 seconds.
  path: Assets/Sprites/Hurt (2).png
  artifactKey: Guid(4422ef0964811d347adf6ced1cd9d623) Importer(815301076,1909f56bfc062723c751e8b465ee728b)
Start importing Assets/Sprites/Hurt (2).png using Guid(4422ef0964811d347adf6ced1cd9d623) Importer(815301076,1909f56bfc062723c751e8b465ee728b)  -> (artifact id: '7c833f59d80eb598b7b1be688bf3127c') in 0.007109 seconds 
  Import took 0.008852 seconds .

========================================================================
Received Import Request.
  Time since last request: 0.000214 seconds.
  path: Assets/Sprites/Idle (1).png
  artifactKey: Guid(585c4ec11e293564f80037cf723f50e7) Importer(815301076,1909f56bfc062723c751e8b465ee728b)
Start importing Assets/Sprites/Idle (1).png using Guid(585c4ec11e293564f80037cf723f50e7) Importer(815301076,1909f56bfc062723c751e8b465ee728b)  -> (artifact id: 'd54f913dade361d95d2dc7cc3d30257d') in 0.006658 seconds 
  Import took 0.008407 seconds .

========================================================================
Received Import Request.
  Time since last request: 0.000200 seconds.
  path: Assets/Sprites/Slide (8).png
  artifactKey: Guid(49f6ec3611b59c544af1a88e29cc9eeb) Importer(815301076,1909f56bfc062723c751e8b465ee728b)
Start importing Assets/Sprites/Slide (8).png using Guid(49f6ec3611b59c544af1a88e29cc9eeb) Importer(815301076,1909f56bfc062723c751e8b465ee728b)  -> (artifact id: '8a859545d3b97ef80584a9ba895b3d79') in 0.007589 seconds 
  Import took 0.009431 seconds .

========================================================================
Received Import Request.
  Time since last request: 0.000202 seconds.
  path: Assets/Sprites/Jump (6).png
  artifactKey: Guid(340223787a16a0e40a71edacb74b8e77) Importer(815301076,1909f56bfc062723c751e8b465ee728b)
Start importing Assets/Sprites/Jump (6).png using Guid(340223787a16a0e40a71edacb74b8e77) Importer(815301076,1909f56bfc062723c751e8b465ee728b)  -> (artifact id: 'aef6195f68cb5cde26b656870a15fbd1') in 0.006557 seconds 
  Import took 0.008306 seconds .

========================================================================
Received Import Request.
  Time since last request: 0.000271 seconds.
  path: Assets/Sprites/Run (4).png
  artifactKey: Guid(b9da690b971306d4899d5b94be6e02d8) Importer(815301076,1909f56bfc062723c751e8b465ee728b)
Start importing Assets/Sprites/Run (4).png using Guid(b9da690b971306d4899d5b94be6e02d8) Importer(815301076,1909f56bfc062723c751e8b465ee728b)  -> (artifact id: 'bb8e4caa0a1fb71a774a69e3f998540a') in 0.005869 seconds 
  Import took 0.007598 seconds .

========================================================================
Received Import Request.
  Time since last request: 0.000278 seconds.
  path: Assets/Sprites/Hurt (4).png
  artifactKey: Guid(44650bbc7bacb1943960099c62c318b2) Importer(815301076,1909f56bfc062723c751e8b465ee728b)
Start importing Assets/Sprites/Hurt (4).png using Guid(44650bbc7bacb1943960099c62c318b2) Importer(815301076,1909f56bfc062723c751e8b465ee728b)  -> (artifact id: 'abf93008d142c66e4d4bb5b8e844e249') in 0.005473 seconds 
  Import took 0.007218 seconds .

========================================================================
Received Import Request.
  Time since last request: 0.000241 seconds.
  path: Assets/Sprites/Hurt (3).png
  artifactKey: Guid(67db40f6882e2604199f6db6a3fd8d32) Importer(815301076,1909f56bfc062723c751e8b465ee728b)
Start importing Assets/Sprites/Hurt (3).png using Guid(67db40f6882e2604199f6db6a3fd8d32) Importer(815301076,1909f56bfc062723c751e8b465ee728b)  -> (artifact id: 'd27f50dea0b1b73e40c864b8b7d483c2') in 0.005548 seconds 
  Import took 0.007354 seconds .

========================================================================
Received Import Request.
  Time since last request: 0.000265 seconds.
  path: Assets/Sprites/Slide (3).png
  artifactKey: Guid(512973691c422a64bb7867fa60930efd) Importer(815301076,1909f56bfc062723c751e8b465ee728b)
Start importing Assets/Sprites/Slide (3).png using Guid(512973691c422a64bb7867fa60930efd) Importer(815301076,1909f56bfc062723c751e8b465ee728b)  -> (artifact id: 'c5ef4de032da9137dca85b6420700512') in 0.005372 seconds 
  Import took 0.007169 seconds .

========================================================================
Received Import Request.
  Time since last request: 0.000212 seconds.
  path: Assets/Sprites/Dead (8).png
  artifactKey: Guid(e682bf8bf969208408ba63faa66bb34f) Importer(815301076,1909f56bfc062723c751e8b465ee728b)
Start importing Assets/Sprites/Dead (8).png using Guid(e682bf8bf969208408ba63faa66bb34f) Importer(815301076,1909f56bfc062723c751e8b465ee728b)  -> (artifact id: '3bd886af45967fc334ddcf27bbe3a473') in 0.005550 seconds 
  Import took 0.007280 seconds .

========================================================================
Received Import Request.
  Time since last request: 0.000242 seconds.
  path: Assets/Sprites/Run (8).png
  artifactKey: Guid(db9165fc8b9ce9c4c9d8294571d5b5aa) Importer(815301076,1909f56bfc062723c751e8b465ee728b)
Start importing Assets/Sprites/Run (8).png using Guid(db9165fc8b9ce9c4c9d8294571d5b5aa) Importer(815301076,1909f56bfc062723c751e8b465ee728b)  -> (artifact id: 'd7fe5666902f4c3c7970392c7ec6a85f') in 0.005605 seconds 
  Import took 0.007409 seconds .

========================================================================
Received Import Request.
  Time since last request: 0.000211 seconds.
  path: Assets/Sprites/Slide (2).png
  artifactKey: Guid(5e568b75429c5504381cd7d1c9030eb2) Importer(815301076,1909f56bfc062723c751e8b465ee728b)
Start importing Assets/Sprites/Slide (2).png using Guid(5e568b75429c5504381cd7d1c9030eb2) Importer(815301076,1909f56bfc062723c751e8b465ee728b)  -> (artifact id: 'f9a8a4b9a12f91a39d40dce5f6c31aba') in 0.005485 seconds 
  Import took 0.007244 seconds .

========================================================================
Received Import Request.
  Time since last request: 0.000201 seconds.
  path: Assets/Sprites/Dead (2).png
  artifactKey: Guid(b8136bc15f15ea24ebecb16fce42399c) Importer(815301076,1909f56bfc062723c751e8b465ee728b)
Start importing Assets/Sprites/Dead (2).png using Guid(b8136bc15f15ea24ebecb16fce42399c) Importer(815301076,1909f56bfc062723c751e8b465ee728b)  -> (artifact id: '44c4d54416c5ceca443b41b1dec1e66b') in 0.005409 seconds 
  Import took 0.007200 seconds .

========================================================================
Received Import Request.
  Time since last request: 0.000308 seconds.
  path: Assets/Sprites/Jump (7).png
  artifactKey: Guid(1080d5da67563aa4595d270f8e5e4e40) Importer(815301076,1909f56bfc062723c751e8b465ee728b)
Start importing Assets/Sprites/Jump (7).png using Guid(1080d5da67563aa4595d270f8e5e4e40) Importer(815301076,1909f56bfc062723c751e8b465ee728b)  -> (artifact id: '573a33e589568c7aa6895488d0a28a12') in 0.006926 seconds 
  Import took 0.009935 seconds .

========================================================================
Received Import Request.
  Time since last request: 0.000340 seconds.
  path: Assets/Sprites/Slide (7).png
  artifactKey: Guid(55fdce01a3ae4e8458e48d3ecd5833af) Importer(815301076,1909f56bfc062723c751e8b465ee728b)
Start importing Assets/Sprites/Slide (7).png using Guid(55fdce01a3ae4e8458e48d3ecd5833af) Importer(815301076,1909f56bfc062723c751e8b465ee728b)  -> (artifact id: '2a63cd0ef124286ce9bd7be47d2d2466') in 0.005728 seconds 
  Import took 0.007520 seconds .

========================================================================
Received Import Request.
  Time since last request: 0.000308 seconds.
  path: Assets/Sprites/Jump (5).png
  artifactKey: Guid(ef43b3adfe2c9e84ba6cb15defc6fbe0) Importer(815301076,1909f56bfc062723c751e8b465ee728b)
Start importing Assets/Sprites/Jump (5).png using Guid(ef43b3adfe2c9e84ba6cb15defc6fbe0) Importer(815301076,1909f56bfc062723c751e8b465ee728b)  -> (artifact id: 'dfdee137fe30a9ed731c4cdd64c4a238') in 0.005483 seconds 
  Import took 0.007216 seconds .

========================================================================
Received Import Request.
  Time since last request: 0.000280 seconds.
  path: Assets/Sprites/Idle (2).png
  artifactKey: Guid(eeea19043279ecf4784c4b7419400fea) Importer(815301076,1909f56bfc062723c751e8b465ee728b)
Start importing Assets/Sprites/Idle (2).png using Guid(eeea19043279ecf4784c4b7419400fea) Importer(815301076,1909f56bfc062723c751e8b465ee728b)  -> (artifact id: 'acb47ad6ba7459f5dfa5b6b27df9fa48') in 0.005583 seconds 
  Import took 0.007364 seconds .

========================================================================
Received Import Request.
  Time since last request: 0.000278 seconds.
  path: Assets/Sprites/Idle (3).png
  artifactKey: Guid(667a9b265e2e30c4d9063d35ad991d18) Importer(815301076,1909f56bfc062723c751e8b465ee728b)
Start importing Assets/Sprites/Idle (3).png using Guid(667a9b265e2e30c4d9063d35ad991d18) Importer(815301076,1909f56bfc062723c751e8b465ee728b)  -> (artifact id: '667e54f95d3c501c0f90cfe066a15cc9') in 0.005543 seconds 
  Import took 0.007318 seconds .

========================================================================
Received Import Request.
  Time since last request: 0.000224 seconds.
  path: Assets/Sprites/Idle (4).png
  artifactKey: Guid(4f3d0df7faee2354588e9adce7a176e6) Importer(815301076,1909f56bfc062723c751e8b465ee728b)
Start importing Assets/Sprites/Idle (4).png using Guid(4f3d0df7faee2354588e9adce7a176e6) Importer(815301076,1909f56bfc062723c751e8b465ee728b)  -> (artifact id: '2c12dfc2b68bf4c0fb557c24de646e42') in 0.005599 seconds 
  Import took 0.007418 seconds .

========================================================================
Received Import Request.
  Time since last request: 0.000308 seconds.
  path: Assets/Sprites/Run (3).png
  artifactKey: Guid(3f879694faff63947bfba703ce45f71b) Importer(815301076,1909f56bfc062723c751e8b465ee728b)
Start importing Assets/Sprites/Run (3).png using Guid(3f879694faff63947bfba703ce45f71b) Importer(815301076,1909f56bfc062723c751e8b465ee728b)  -> (artifact id: '021e34a9c694e1daa919bfd1c472d36e') in 0.005526 seconds 
  Import took 0.007336 seconds .

========================================================================
Received Import Request.
  Time since last request: 0.000271 seconds.
  path: Assets/Sprites/Slide (5).png
  artifactKey: Guid(63a55a8004d27254088329b6a8b44e92) Importer(815301076,1909f56bfc062723c751e8b465ee728b)
Start importing Assets/Sprites/Slide (5).png using Guid(63a55a8004d27254088329b6a8b44e92) Importer(815301076,1909f56bfc062723c751e8b465ee728b)  -> (artifact id: '3362a6077dd53d5ba49e8dedf13263b2') in 0.005592 seconds 
  Import took 0.007375 seconds .

========================================================================
Received Import Request.
  Time since last request: 0.000317 seconds.
  path: Assets/Sprites/Dead (5).png
  artifactKey: Guid(e62caadf4fe5b2f4c88705f4545c8119) Importer(815301076,1909f56bfc062723c751e8b465ee728b)
Start importing Assets/Sprites/Dead (5).png using Guid(e62caadf4fe5b2f4c88705f4545c8119) Importer(815301076,1909f56bfc062723c751e8b465ee728b)  -> (artifact id: '94fdf29658c527ee9e27c6263b413ebe') in 0.005471 seconds 
  Import took 0.007220 seconds .

========================================================================
Received Import Request.
  Time since last request: 0.000225 seconds.
  path: Assets/Sprites/Jump (3).png
  artifactKey: Guid(c3044debd3ec87540a8ca24bc747ffd0) Importer(815301076,1909f56bfc062723c751e8b465ee728b)
Start importing Assets/Sprites/Jump (3).png using Guid(c3044debd3ec87540a8ca24bc747ffd0) Importer(815301076,1909f56bfc062723c751e8b465ee728b)  -> (artifact id: '83ba8a925056d85a48cde1adeaca26cd') in 0.005530 seconds 
  Import took 0.007343 seconds .

========================================================================
Received Import Request.
  Time since last request: 0.000267 seconds.
  path: Assets/Sprites/Dead (10).png
  artifactKey: Guid(bcd0c52ed0a360942a50e586dd9178df) Importer(815301076,1909f56bfc062723c751e8b465ee728b)
Start importing Assets/Sprites/Dead (10).png using Guid(bcd0c52ed0a360942a50e586dd9178df) Importer(815301076,1909f56bfc062723c751e8b465ee728b)  -> (artifact id: '4058a4d077c469180b3bf7dc66c3a594') in 0.005422 seconds 
  Import took 0.007182 seconds .

========================================================================
Received Import Request.
  Time since last request: 0.000228 seconds.
  path: Assets/Sprites/Hurt (7).png
  artifactKey: Guid(4b8eea3d81de1714f9c6ef675025558a) Importer(815301076,1909f56bfc062723c751e8b465ee728b)
Start importing Assets/Sprites/Hurt (7).png using Guid(4b8eea3d81de1714f9c6ef675025558a) Importer(815301076,1909f56bfc062723c751e8b465ee728b)  -> (artifact id: '3662231c6fb9c5ff751fbbe2a245288b') in 0.006045 seconds 
  Import took 0.007956 seconds .

========================================================================
Received Import Request.
  Time since last request: 0.000309 seconds.
  path: Assets/Sprites/Walk (3).png
  artifactKey: Guid(22cdb242cd36cee449cb66e8e69dfeab) Importer(815301076,1909f56bfc062723c751e8b465ee728b)
Start importing Assets/Sprites/Walk (3).png using Guid(22cdb242cd36cee449cb66e8e69dfeab) Importer(815301076,1909f56bfc062723c751e8b465ee728b)  -> (artifact id: '5d07c12c1404eee0682451c86fb84343') in 0.006397 seconds 
  Import took 0.008974 seconds .

========================================================================
Received Import Request.
  Time since last request: 0.000301 seconds.
  path: Assets/Sprites/Walk (9).png
  artifactKey: Guid(a27c78a79f48e2e46a7f2e3e5c5779b6) Importer(815301076,1909f56bfc062723c751e8b465ee728b)
Start importing Assets/Sprites/Walk (9).png using Guid(a27c78a79f48e2e46a7f2e3e5c5779b6) Importer(815301076,1909f56bfc062723c751e8b465ee728b)  -> (artifact id: '96393e7568dc7deef7d0f90901841041') in 0.006064 seconds 
  Import took 0.007901 seconds .

========================================================================
Received Import Request.
  Time since last request: 0.000266 seconds.
  path: Assets/Sprites/Dead (9).png
  artifactKey: Guid(1126007de775fbd4c9be5afe5e5556e0) Importer(815301076,1909f56bfc062723c751e8b465ee728b)
Start importing Assets/Sprites/Dead (9).png using Guid(1126007de775fbd4c9be5afe5e5556e0) Importer(815301076,1909f56bfc062723c751e8b465ee728b)  -> (artifact id: 'aaceae7e4c14ddbd0cb3bf5f8539e580') in 0.005363 seconds 
  Import took 0.007059 seconds .

========================================================================
Received Import Request.
  Time since last request: 0.000285 seconds.
  path: Assets/Sprites/Jump (8).png
  artifactKey: Guid(fcbdf6fe5160bfe418d00ae72bed616f) Importer(815301076,1909f56bfc062723c751e8b465ee728b)
Start importing Assets/Sprites/Jump (8).png using Guid(fcbdf6fe5160bfe418d00ae72bed616f) Importer(815301076,1909f56bfc062723c751e8b465ee728b)  -> (artifact id: 'cd6a2baed543b28a91707b7813483cb9') in 0.005695 seconds 
  Import took 0.007506 seconds .

========================================================================
Received Import Request.
  Time since last request: 0.000307 seconds.
  path: Assets/Sprites/Fall (5).png
  artifactKey: Guid(8754185c3d03bc647a61ef0becbe4d37) Importer(815301076,1909f56bfc062723c751e8b465ee728b)
Start importing Assets/Sprites/Fall (5).png using Guid(8754185c3d03bc647a61ef0becbe4d37) Importer(815301076,1909f56bfc062723c751e8b465ee728b)  -> (artifact id: '64ca8625cc5e6133ae9e637327cb284f') in 0.005596 seconds 
  Import took 0.007440 seconds .

========================================================================
Received Import Request.
  Time since last request: 0.000221 seconds.
  path: Assets/Sprites/Idle (5).png
  artifactKey: Guid(785e61aba5d8fa642b7d095f86c5cb2a) Importer(815301076,1909f56bfc062723c751e8b465ee728b)
Start importing Assets/Sprites/Idle (5).png using Guid(785e61aba5d8fa642b7d095f86c5cb2a) Importer(815301076,1909f56bfc062723c751e8b465ee728b)  -> (artifact id: '8bba904c7448ab74f014ff564fc1b5ac') in 0.005350 seconds 
  Import took 0.007121 seconds .

========================================================================
Received Import Request.
  Time since last request: 0.000247 seconds.
  path: Assets/Sprites/Walk (7).png
  artifactKey: Guid(2bccf93af6992af4dbefe883b1b60383) Importer(815301076,1909f56bfc062723c751e8b465ee728b)
Start importing Assets/Sprites/Walk (7).png using Guid(2bccf93af6992af4dbefe883b1b60383) Importer(815301076,1909f56bfc062723c751e8b465ee728b)  -> (artifact id: 'eb753fc2597dca1db63dccd13691675a') in 0.010264 seconds 
  Import took 0.012061 seconds .

========================================================================
Received Import Request.
  Time since last request: 0.000264 seconds.
  path: Assets/Sprites/Jump (2).png
  artifactKey: Guid(6d6e51cce8e3a6d43b398e01fe1bbb15) Importer(815301076,1909f56bfc062723c751e8b465ee728b)
Start importing Assets/Sprites/Jump (2).png using Guid(6d6e51cce8e3a6d43b398e01fe1bbb15) Importer(815301076,1909f56bfc062723c751e8b465ee728b)  -> (artifact id: '60a7cd5b55983c175f3fa884c8e73d0d') in 0.005546 seconds 
  Import took 0.007389 seconds .

========================================================================
Received Import Request.
  Time since last request: 0.000267 seconds.
  path: Assets/Sprites/Run (5).png
  artifactKey: Guid(3b0f445f316006e4da329584dc6660da) Importer(815301076,1909f56bfc062723c751e8b465ee728b)
Start importing Assets/Sprites/Run (5).png using Guid(3b0f445f316006e4da329584dc6660da) Importer(815301076,1909f56bfc062723c751e8b465ee728b)  -> (artifact id: 'e55187191e48a025ca632b42bcd904c9') in 0.005433 seconds 
  Import took 0.007384 seconds .

========================================================================
Received Import Request.
  Time since last request: 0.000204 seconds.
  path: Assets/Sprites/Dead (4).png
  artifactKey: Guid(19bf617d951e4ca478a8ae9f9e724f30) Importer(815301076,1909f56bfc062723c751e8b465ee728b)
Start importing Assets/Sprites/Dead (4).png using Guid(19bf617d951e4ca478a8ae9f9e724f30) Importer(815301076,1909f56bfc062723c751e8b465ee728b)  -> (artifact id: 'c88d98dfb43329c01fdfcd43d84d5a21') in 0.005607 seconds 
  Import took 0.007437 seconds .

========================================================================
Received Import Request.
  Time since last request: 0.000230 seconds.
  path: Assets/Sprites/Fall (1).png
  artifactKey: Guid(79293ff32108db24e9b5133366bd55dc) Importer(815301076,1909f56bfc062723c751e8b465ee728b)
Start importing Assets/Sprites/Fall (1).png using Guid(79293ff32108db24e9b5133366bd55dc) Importer(815301076,1909f56bfc062723c751e8b465ee728b)  -> (artifact id: 'a82526028cc22db60e6f68f45b2ed953') in 0.005216 seconds 
  Import took 0.007143 seconds .

========================================================================
Received Import Request.
  Time since last request: 0.000231 seconds.
  path: Assets/Sprites/Fall (4).png
  artifactKey: Guid(89987387993ccb84890e6261e6143685) Importer(815301076,1909f56bfc062723c751e8b465ee728b)
Start importing Assets/Sprites/Fall (4).png using Guid(89987387993ccb84890e6261e6143685) Importer(815301076,1909f56bfc062723c751e8b465ee728b)  -> (artifact id: '7247998edaa101fb27f0a676d3ef428e') in 0.005764 seconds 
  Import took 0.007754 seconds .

========================================================================
Received Import Request.
  Time since last request: 0.000233 seconds.
  path: Assets/Sprites/Run (6).png
  artifactKey: Guid(c992712f5dac3734c82319e18dc13c60) Importer(815301076,1909f56bfc062723c751e8b465ee728b)
Start importing Assets/Sprites/Run (6).png using Guid(c992712f5dac3734c82319e18dc13c60) Importer(815301076,1909f56bfc062723c751e8b465ee728b)  -> (artifact id: '0be671b9a535046d8dbb6cf509974693') in 0.005539 seconds 
  Import took 0.007431 seconds .

========================================================================
Received Import Request.
  Time since last request: 0.000250 seconds.
  path: Assets/Sprites/Fall (8).png
  artifactKey: Guid(3986796e39c7c234f8b1ae41c9ece136) Importer(815301076,1909f56bfc062723c751e8b465ee728b)
Start importing Assets/Sprites/Fall (8).png using Guid(3986796e39c7c234f8b1ae41c9ece136) Importer(815301076,1909f56bfc062723c751e8b465ee728b)  -> (artifact id: '4eba74c46becf9c3eec86d74a04babda') in 0.005572 seconds 
  Import took 0.007380 seconds .

========================================================================
Received Import Request.
  Time since last request: 0.000250 seconds.
  path: Assets/Sprites/Walk (2).png
  artifactKey: Guid(410b4a497792536459f3cc057c276d9f) Importer(815301076,1909f56bfc062723c751e8b465ee728b)
Start importing Assets/Sprites/Walk (2).png using Guid(410b4a497792536459f3cc057c276d9f) Importer(815301076,1909f56bfc062723c751e8b465ee728b)  -> (artifact id: '85aabccbcc20ba843cdd3a4efa5043ef') in 0.005420 seconds 
  Import took 0.007162 seconds .

========================================================================
Received Import Request.
  Time since last request: 0.000248 seconds.
  path: Assets/Sprites/Hurt (8).png
  artifactKey: Guid(6b42374aa1da6434d9266c60144b1018) Importer(815301076,1909f56bfc062723c751e8b465ee728b)
Start importing Assets/Sprites/Hurt (8).png using Guid(6b42374aa1da6434d9266c60144b1018) Importer(815301076,1909f56bfc062723c751e8b465ee728b)  -> (artifact id: 'f9f21e472387c984a341851f5649902b') in 0.005472 seconds 
  Import took 0.007225 seconds .

========================================================================
Received Import Request.
  Time since last request: 0.000234 seconds.
  path: Assets/Sprites/Idle (9).png
  artifactKey: Guid(6fea40644818e1f49b644ff8f24a3522) Importer(815301076,1909f56bfc062723c751e8b465ee728b)
Start importing Assets/Sprites/Idle (9).png using Guid(6fea40644818e1f49b644ff8f24a3522) Importer(815301076,1909f56bfc062723c751e8b465ee728b)  -> (artifact id: 'fcce33df28f42eb693d431542d385037') in 0.006050 seconds 
  Import took 0.008040 seconds .

========================================================================
Received Import Request.
  Time since last request: 0.000277 seconds.
  path: Assets/Sprites/Walk (10).png
  artifactKey: Guid(955e2e7ae57c6a545bc9bae65e2af7ee) Importer(815301076,1909f56bfc062723c751e8b465ee728b)
Start importing Assets/Sprites/Walk (10).png using Guid(955e2e7ae57c6a545bc9bae65e2af7ee) Importer(815301076,1909f56bfc062723c751e8b465ee728b)  -> (artifact id: '48138b784aadd7a0137f7c336a321ab2') in 0.005613 seconds 
  Import took 0.007563 seconds .

========================================================================
Received Import Request.
  Time since last request: 0.000229 seconds.
  path: Assets/Sprites/Slide (1).png
  artifactKey: Guid(452ea7e5569d6d94d942903637add224) Importer(815301076,1909f56bfc062723c751e8b465ee728b)
Start importing Assets/Sprites/Slide (1).png using Guid(452ea7e5569d6d94d942903637add224) Importer(815301076,1909f56bfc062723c751e8b465ee728b)  -> (artifact id: '4075d3e17e93ab21c26410597b8d00d9') in 0.005367 seconds 
  Import took 0.007115 seconds .

========================================================================
Received Import Request.
  Time since last request: 0.000294 seconds.
  path: Assets/Sprites/Fall (2).png
  artifactKey: Guid(c09215e550634a64996e5cc5b84240eb) Importer(815301076,1909f56bfc062723c751e8b465ee728b)
Start importing Assets/Sprites/Fall (2).png using Guid(c09215e550634a64996e5cc5b84240eb) Importer(815301076,1909f56bfc062723c751e8b465ee728b)  -> (artifact id: 'e296caeb66da4a2d565192e293c63f37') in 0.005403 seconds 
  Import took 0.007372 seconds .

========================================================================
Received Import Request.
  Time since last request: 0.000205 seconds.
  path: Assets/Sprites/Idle (6).png
  artifactKey: Guid(1e2054604ede6ac44b880f59471de582) Importer(815301076,1909f56bfc062723c751e8b465ee728b)
Start importing Assets/Sprites/Idle (6).png using Guid(1e2054604ede6ac44b880f59471de582) Importer(815301076,1909f56bfc062723c751e8b465ee728b)  -> (artifact id: 'ea58261edbedc76223bfc30bbbb40eca') in 0.005504 seconds 
  Import took 0.007262 seconds .

========================================================================
Received Import Request.
  Time since last request: 0.000216 seconds.
  path: Assets/Sprites/Slide (10).png
  artifactKey: Guid(f406d860b1c8c4844a75a681e05a6526) Importer(815301076,1909f56bfc062723c751e8b465ee728b)
Start importing Assets/Sprites/Slide (10).png using Guid(f406d860b1c8c4844a75a681e05a6526) Importer(815301076,1909f56bfc062723c751e8b465ee728b)  -> (artifact id: '9f25323ac0d6e3eaeaff8c440d99a2d1') in 0.005384 seconds 
  Import took 0.007139 seconds .

========================================================================
Received Import Request.
  Time since last request: 0.000323 seconds.
  path: Assets/Sprites/Walk (6).png
  artifactKey: Guid(df73c1aac69904f4ea9fce4324868942) Importer(815301076,1909f56bfc062723c751e8b465ee728b)
Start importing Assets/Sprites/Walk (6).png using Guid(df73c1aac69904f4ea9fce4324868942) Importer(815301076,1909f56bfc062723c751e8b465ee728b)  -> (artifact id: '27ff5e1074c092d6b59683d9224b2515') in 0.005442 seconds 
  Import took 0.007281 seconds .

========================================================================
Received Import Request.
  Time since last request: 0.000230 seconds.
  path: Assets/Sprites/Slide (9).png
  artifactKey: Guid(542c8fc62f7793444aa07c4338c8b684) Importer(815301076,1909f56bfc062723c751e8b465ee728b)
Start importing Assets/Sprites/Slide (9).png using Guid(542c8fc62f7793444aa07c4338c8b684) Importer(815301076,1909f56bfc062723c751e8b465ee728b)  -> (artifact id: '3247e035e4c593158471401aa1651487') in 0.005877 seconds 
  Import took 0.007649 seconds .

========================================================================
Received Import Request.
  Time since last request: 0.000269 seconds.
  path: Assets/Sprites/Slide (4).png
  artifactKey: Guid(1e8e5c17cb8408747b3d52c56037b4a2) Importer(815301076,1909f56bfc062723c751e8b465ee728b)
Start importing Assets/Sprites/Slide (4).png using Guid(1e8e5c17cb8408747b3d52c56037b4a2) Importer(815301076,1909f56bfc062723c751e8b465ee728b)  -> (artifact id: '94e1d0788c3bd8a284b91c6b867902f4') in 0.005580 seconds 
  Import took 0.007360 seconds .

========================================================================
Received Import Request.
  Time since last request: 0.000258 seconds.
  path: Assets/Sprites/Fall (6).png
  artifactKey: Guid(81fbc1e8e10b8a74ead30c941b12b84c) Importer(815301076,1909f56bfc062723c751e8b465ee728b)
Start importing Assets/Sprites/Fall (6).png using Guid(81fbc1e8e10b8a74ead30c941b12b84c) Importer(815301076,1909f56bfc062723c751e8b465ee728b)  -> (artifact id: '36790252b0d2cb2fa91991517a27bf10') in 0.005714 seconds 
  Import took 0.007595 seconds .

========================================================================
Received Import Request.
  Time since last request: 0.000328 seconds.
  path: Assets/Sprites/Fall (3).png
  artifactKey: Guid(f5c12a639bcf0cf43a7212550eab7247) Importer(815301076,1909f56bfc062723c751e8b465ee728b)
Start importing Assets/Sprites/Fall (3).png using Guid(f5c12a639bcf0cf43a7212550eab7247) Importer(815301076,1909f56bfc062723c751e8b465ee728b)  -> (artifact id: 'ed48fdc5473ed1766aae5f21376c0b6c') in 0.006649 seconds 
  Import took 0.008578 seconds .

========================================================================
Received Import Request.
  Time since last request: 0.000227 seconds.
  path: Assets/Sprites/Fall (7).png
  artifactKey: Guid(1d3fc393a830c0d42b034b356aa66a37) Importer(815301076,1909f56bfc062723c751e8b465ee728b)
Start importing Assets/Sprites/Fall (7).png using Guid(1d3fc393a830c0d42b034b356aa66a37) Importer(815301076,1909f56bfc062723c751e8b465ee728b)  -> (artifact id: '26c2e7181f3e09bc7da559bff9192199') in 0.005608 seconds 
  Import took 0.007401 seconds .

========================================================================
Received Import Request.
  Time since last request: 0.000257 seconds.
  path: Assets/Sprites/Hurt (5).png
  artifactKey: Guid(3d3c70b5e238adc46bdb7d07427587be) Importer(815301076,1909f56bfc062723c751e8b465ee728b)
Start importing Assets/Sprites/Hurt (5).png using Guid(3d3c70b5e238adc46bdb7d07427587be) Importer(815301076,1909f56bfc062723c751e8b465ee728b)  -> (artifact id: '7288eed2849c21a6c6d4cb4442964959') in 0.005916 seconds 
  Import took 0.007751 seconds .

========================================================================
Received Import Request.
  Time since last request: 0.000294 seconds.
  path: Assets/Sprites/Hurt (9).png
  artifactKey: Guid(36b67af0a1fc4b740968a2377a1afe20) Importer(815301076,1909f56bfc062723c751e8b465ee728b)
Start importing Assets/Sprites/Hurt (9).png using Guid(36b67af0a1fc4b740968a2377a1afe20) Importer(815301076,1909f56bfc062723c751e8b465ee728b)  -> (artifact id: 'a7993b47ca081471c6221a63add4e0fd') in 0.005682 seconds 
  Import took 0.007489 seconds .

========================================================================
Received Import Request.
  Time since last request: 0.000267 seconds.
  path: Assets/Sprites/Walk (4).png
  artifactKey: Guid(0827c0c077543f545abde5908600bc55) Importer(815301076,1909f56bfc062723c751e8b465ee728b)
Start importing Assets/Sprites/Walk (4).png using Guid(0827c0c077543f545abde5908600bc55) Importer(815301076,1909f56bfc062723c751e8b465ee728b)  -> (artifact id: 'd2cc6ac3d8d671b302a158b9136a7185') in 0.005594 seconds 
  Import took 0.007365 seconds .

========================================================================
Received Import Request.
  Time since last request: 0.000253 seconds.
  path: Assets/Sprites/Dead (7).png
  artifactKey: Guid(b4b3de5bc59a80d43b037e6b991e5505) Importer(815301076,1909f56bfc062723c751e8b465ee728b)
Start importing Assets/Sprites/Dead (7).png using Guid(b4b3de5bc59a80d43b037e6b991e5505) Importer(815301076,1909f56bfc062723c751e8b465ee728b)  -> (artifact id: '5aa77fbb17ad6715303d8be71c83af29') in 0.005746 seconds 
  Import took 0.007598 seconds .

========================================================================
Received Import Request.
  Time since last request: 0.000277 seconds.
  path: Assets/Sprites/Run (1).png
  artifactKey: Guid(13c8f2e942293ec458303455f954d811) Importer(815301076,1909f56bfc062723c751e8b465ee728b)
Start importing Assets/Sprites/Run (1).png using Guid(13c8f2e942293ec458303455f954d811) Importer(815301076,1909f56bfc062723c751e8b465ee728b)  -> (artifact id: '95b432cb8340a2ac2aeaa7a6ac1ca741') in 0.005458 seconds 
  Import took 0.007240 seconds .

========================================================================
Received Import Request.
  Time since last request: 0.000225 seconds.
  path: Assets/Sprites/Dead (3).png
  artifactKey: Guid(cb53e157680ee4d459ee63423f5a99ad) Importer(815301076,1909f56bfc062723c751e8b465ee728b)
Start importing Assets/Sprites/Dead (3).png using Guid(cb53e157680ee4d459ee63423f5a99ad) Importer(815301076,1909f56bfc062723c751e8b465ee728b)  -> (artifact id: '792b6e53754c921cc49ce8a7ac163130') in 0.005527 seconds 
  Import took 0.007345 seconds .

========================================================================
Received Import Request.
  Time since last request: 0.000254 seconds.
  path: Assets/Sprites/Walk (1).png
  artifactKey: Guid(9910fae4e120a3a4587b6315fb412820) Importer(815301076,1909f56bfc062723c751e8b465ee728b)
Start importing Assets/Sprites/Walk (1).png using Guid(9910fae4e120a3a4587b6315fb412820) Importer(815301076,1909f56bfc062723c751e8b465ee728b)  -> (artifact id: 'c977e7af9b8c6b0d1c98517680159307') in 0.005437 seconds 
  Import took 0.007208 seconds .

========================================================================
Received Import Request.
  Time since last request: 0.000265 seconds.
  path: Assets/Sprites/Slide (6).png
  artifactKey: Guid(74421c35204bd394c9893554891c6e95) Importer(815301076,1909f56bfc062723c751e8b465ee728b)
Start importing Assets/Sprites/Slide (6).png using Guid(74421c35204bd394c9893554891c6e95) Importer(815301076,1909f56bfc062723c751e8b465ee728b)  -> (artifact id: 'dbc5953665074765cd3ccfeff7976793') in 0.005437 seconds 
  Import took 0.007182 seconds .

========================================================================
Received Prepare
Registering precompiled user dll's ...
Registered in 0.004694 seconds.
Begin MonoManager ReloadAssembly
Native extension for WindowsStandalone target not found
Native extension for WebGL target not found
Refreshing native plugins compatible for Editor in 0.26 ms, found 2 plugins.
Preloading 0 native plugins for Editor in 0.00 ms.
Mono: successfully reloaded assembly
- Completed reload, in  0.849 seconds
Domain Reload Profiling:
	ReloadAssembly (850ms)
		BeginReloadAssembly (92ms)
			ExecutionOrderSort (0ms)
			DisableScriptedObjects (4ms)
			BackupInstance (0ms)
			ReleaseScriptingObjects (0ms)
			CreateAndSetChildDomain (26ms)
		EndReloadAssembly (705ms)
			LoadAssemblies (74ms)
			RebuildTransferFunctionScriptingTraits (0ms)
			SetupTypeCache (212ms)
			ReleaseScriptCaches (1ms)
			RebuildScriptCaches (29ms)
			SetupLoadedEditorAssemblies (314ms)
				LogAssemblyErrors (0ms)
				InitializePlatformSupportModulesInManaged (5ms)
				SetLoadedEditorAssemblies (0ms)
				RefreshPlugins (0ms)
				BeforeProcessingInitializeOnLoad (41ms)
				ProcessInitializeOnLoadAttributes (254ms)
				ProcessInitializeOnLoadMethodAttributes (4ms)
				AfterProcessingInitializeOnLoad (9ms)
				EditorAssembliesLoaded (0ms)
			ExecutionOrderSort2 (0ms)
			AwakeInstancesAfterBackupRestoration (6ms)
Platform modules already initialized, skipping
Refreshing native plugins compatible for Editor in 0.31 ms, found 2 plugins.
Preloading 0 native plugins for Editor in 0.00 ms.
Unloading 1392 Unused Serialized files (Serialized files now loaded: 0)
System memory in use before: 64.9 MB.
System memory in use after: 65.0 MB.

Unloading 13 unused Assets to reduce memory usage. Loaded Objects now: 1837.
Total: 2.339600 ms (FindLiveObjects: 0.114700 ms CreateObjectMapping: 0.031200 ms MarkObjects: 2.175400 ms  DeleteObjects: 0.017100 ms)

AssetImportParameters requested are different than current active one (requested -> active):
  custom:framework-win-MediaFoundation: 216162199b28c13a410421893ffa2e32 -> 
  custom:video-decoder-ogg-theora: a1e56fd34408186e4bbccfd4996cb3dc -> 
  custom:container-muxer-webm: aa71ff27fc2769a1b78a27578f13a17b -> 
  custom:container-demuxer-webm: 4f35f7cbe854078d1ac9338744f61a02 -> 
  custom:container-demuxer-ogg: 62fdf1f143b41e24485cea50d1cbac27 -> 
  custom:video-encoder-webm-vp8: eb34c28f22e8b96e1ab97ce403110664 -> 
  custom:video-codec-MediaFoundation-h265: e54d7ab0439102e2317fc1e4b246158d -> 
  custom:video-decoder-webm-vp8: 9c59270c3fd7afecdb556c50c9e8de78 -> 
  custom:audio-decoder-ogg-vorbis: bf7c407c2cedff20999df2af8eb42d56 -> 
  custom:audio-encoder-webm-vorbis: bf7c407c2cedff20999df2af8eb42d56 -> 
AssetImportWorkerClient::OnTransportError - code=2 error=End of file
